# name/game/hands/seed 143 /data/task/holdem.nolimit.2p.reverse_blinds.game 1000 23456
#--t_response 9999999999
#--t_hand 9999999999
#--t_per_hand 9999999999
STATE:0:cc/cc/cc/cc:7h6s|TcTd/3sQdKd/3d/9c:-100|100:player01-143-discovery|player02-143-discovery
STATE:1:r8743f:5dKs|Ac2h:100|-100:player02-143-discovery|player01-143-discovery
STATE:2:r300r1184f:2s9s|2d2h:-300|300:player01-143-discovery|player02-143-discovery
STATE:3:r15680f:6s8c|7d2h:100|-100:player02-143-discovery|player01-143-discovery
STATE:4:r300r3258f:AhAc|Ts3c:-300|300:player01-143-discovery|player02-143-discovery
STATE:5:cc/cr17053f:4s7d|KhTd/7cAd9c:100|-100:player02-143-discovery|player01-143-discovery
STATE:6:cr4355f:Jh6d|KsKd:-100|100:player01-143-discovery|player02-143-discovery
STATE:7:cc/cc/cc/cc:As5c|9dTh/7dTsJs/Qh/6h:-100|100:player02-143-discovery|player01-143-discovery
STATE:8:r300r1885f:9dQd|TsAc:-300|300:player01-143-discovery|player02-143-discovery
STATE:9:cc/cr17536f:8h9h|6h9c/AdKdJs:100|-100:player02-143-discovery|player01-143-discovery
STATE:10:cc/r13888f:9h2h|3d8d/8c6hKs:-100|100:player01-143-discovery|player02-143-discovery
STATE:11:f:7c3d|9c8c:-50|50:player02-143-discovery|player01-143-discovery
STATE:12:cc/r4956f:As2d|QcQd/TsKd7h:-100|100:player01-143-discovery|player02-143-discovery
STATE:13:cc/cc/cr652f:Qs2s|3d5d/Kc2h3s/Qh:100|-100:player02-143-discovery|player01-143-discovery
STATE:14:r300r6676f:2sKc|JhJs:-300|300:player01-143-discovery|player02-143-discovery
STATE:15:r9038f:5cAs|2sJd:100|-100:player02-143-discovery|player01-143-discovery
STATE:16:r300c/cc/r8003f:8d3d|2d5c/4c9h2s/8h:-300|300:player01-143-discovery|player02-143-discovery
STATE:17:cc/cr9206f:3c5c|Td9d/9c7h6c:100|-100:player02-143-discovery|player01-143-discovery
STATE:18:cc/cc/cc/cc:5hJh|7d9d/4d2sTh/5c/7c:-100|100:player01-143-discovery|player02-143-discovery
STATE:19:cc/cr17167f:7dTc|KdAd/9hTdAs:100|-100:player02-143-discovery|player01-143-discovery
STATE:20:r300r16212f:9sKs|8h2h:-300|300:player01-143-discovery|player02-143-discovery
STATE:21:cr300c/cc/cr11179f:8h8c|JdTd/4h7d7c/Ks:300|-300:player02-143-discovery|player01-143-discovery
STATE:22:cr17560f:6dAs|3c4d:-100|100:player01-143-discovery|player02-143-discovery
STATE:23:cc/cc/cc/cr8099f:AsKc|5dJc/Kd5s7d/Js/7h:100|-100:player02-143-discovery|player01-143-discovery
STATE:24:cr1413f:8c3h|5cJh:-100|100:player01-143-discovery|player02-143-discovery
STATE:25:f:AhAc|5dKd:-50|50:player02-143-discovery|player01-143-discovery
STATE:26:cr1981f:As4h|5d6s:-100|100:player01-143-discovery|player02-143-discovery
STATE:27:cc/cc/cc/cr10754f:7cJd|3h4d/3c7h4h/Td/6c:100|-100:player02-143-discovery|player01-143-discovery
STATE:28:r300r8579f:Jc9s|3c4s:-300|300:player01-143-discovery|player02-143-discovery
STATE:29:cc/cc/cc/cr7939f:Ks2s|5sAc/AdTc8s/Th/Kh:100|-100:player02-143-discovery|player01-143-discovery
STATE:30:cr14744f:4c6c|Kc8d:-100|100:player01-143-discovery|player02-143-discovery
STATE:31:r18844f:Qc5h|TdTs:100|-100:player02-143-discovery|player01-143-discovery
STATE:32:cr4464f:2cKs|4dJs:-100|100:player01-143-discovery|player02-143-discovery
STATE:33:r6024f:6s5d|6h9c:100|-100:player02-143-discovery|player01-143-discovery
STATE:34:r300r11407f:QhKd|Kh2s:-300|300:player01-143-discovery|player02-143-discovery
STATE:35:r4093f:AsAc|JsQs:100|-100:player02-143-discovery|player01-143-discovery
STATE:36:r300c/r17768f:6h9c|4hAs/3cAd2c:-300|300:player01-143-discovery|player02-143-discovery
STATE:37:cc/cc/cc/cc:9cTc|8dKc/3s5dJd/9h/Jc:100|-100:player02-143-discovery|player01-143-discovery
STATE:38:r300r1417f:KhKd|Tc2h:-300|300:player01-143-discovery|player02-143-discovery
STATE:39:cc/cc/cr3917f:KhTd|6cJd/3hAh2s/Qd:100|-100:player02-143-discovery|player01-143-discovery
STATE:40:cc/r14007f:JhTc|7cAs/3cKd8s:-100|100:player01-143-discovery|player02-143-discovery
STATE:41:cc/cc/cr10281f:5hQd|6s9d/JsAd9h/7c:100|-100:player02-143-discovery|player01-143-discovery
STATE:42:cr1025f:2c3s|QsQc:-100|100:player01-143-discovery|player02-143-discovery
STATE:43:cc/cc/cc/cc:Th7h|7d6s/Ts5d7c/8h/8c:100|-100:player02-143-discovery|player01-143-discovery
STATE:44:cr1946f:3dAh|Ks6c:-100|100:player01-143-discovery|player02-143-discovery
STATE:45:cc/cc/cr4070f:5s8h|2h5c/7s8sKc/Kh:100|-100:player02-143-discovery|player01-143-discovery
STATE:46:r300r15574f:9c8h|Jc7c:-300|300:player01-143-discovery|player02-143-discovery
STATE:47:r12292f:5cJd|9s7c:100|-100:player02-143-discovery|player01-143-discovery
STATE:48:r300r5077f:2dQc|Jc3d:-300|300:player01-143-discovery|player02-143-discovery
STATE:49:cc/cr7899f:Qc4c|QhQd/TsKdTh:100|-100:player02-143-discovery|player01-143-discovery
STATE:50:cc/cc/cc/cc:9d2c|Kd6s/8hAh6d/7c/8d:-100|100:player01-143-discovery|player02-143-discovery
STATE:51:r16682f:5sTd|Qc8d:100|-100:player02-143-discovery|player01-143-discovery
STATE:52:r300c/r16077f:7d7c|3dQh/8hAcJc:-300|300:player01-143-discovery|player02-143-discovery
STATE:53:cc/cr1703f:TcKs|Qh8s/AsTs8c:100|-100:player02-143-discovery|player01-143-discovery
STATE:54:cr10829f:2c4s|3d8d:-100|100:player01-143-discovery|player02-143-discovery
STATE:55:r375f:3c6d|5dJc:100|-100:player02-143-discovery|player01-143-discovery
STATE:56:r300c/cc/cc/cc:2s2h|7dKc/4cQd7c/6h/3s:-300|300:player01-143-discovery|player02-143-discovery
STATE:57:cc/cc/cc/cc:8h2h|Jh2s/Kh2dTc/Ks/8c:100|-100:player02-143-discovery|player01-143-discovery
STATE:58:r300c/r13503f:7d9c|6c9d/Th4cAd:-300|300:player01-143-discovery|player02-143-discovery
STATE:59:r15228f:9sQs|9cJd:100|-100:player02-143-discovery|player01-143-discovery
STATE:60:cc/cc/cc/r18548f:9d4c|Kc4h/Ah9s8s/Qd/As:-100|100:player01-143-discovery|player02-143-discovery
STATE:61:r14883f:2hTh|Qh2s:100|-100:player02-143-discovery|player01-143-discovery
STATE:62:r300c/r19226f:4c2c|As7c/5c8dQc:-300|300:player01-143-discovery|player02-143-discovery
STATE:63:f:8dQs|JcJd:-50|50:player02-143-discovery|player01-143-discovery
STATE:64:cr17244f:6h8s|Qh6d:-100|100:player01-143-discovery|player02-143-discovery
STATE:65:cc/cr17704f:2hAs|5d9c/3hJc2d:100|-100:player02-143-discovery|player01-143-discovery
STATE:66:cc/r14345f:4s9d|2sJc/6d6c9h:-100|100:player01-143-discovery|player02-143-discovery
STATE:67:cc/cr4664f:Kh4h|5c8s/Ad4dQs:100|-100:player02-143-discovery|player01-143-discovery
STATE:68:cc/r8344f:6sJd|JcQh/2dKd5c:-100|100:player01-143-discovery|player02-143-discovery
STATE:69:cc/cc/cc/cc:Ks4d|3d5d/8s4h5c/Jh/Kc:100|-100:player02-143-discovery|player01-143-discovery
STATE:70:r300c/cc/r11505f:KcKd|6dAd/2c7s3d/Jd:-300|300:player01-143-discovery|player02-143-discovery
STATE:71:r4046f:AhTd|6s8h:100|-100:player02-143-discovery|player01-143-discovery
STATE:72:cr392f:3c5h|7dKc:-100|100:player01-143-discovery|player02-143-discovery
STATE:73:r5983f:6dTc|6s9h:100|-100:player02-143-discovery|player01-143-discovery
STATE:74:r300f:7s4c|3d3s:100|-100:player01-143-discovery|player02-143-discovery
STATE:75:r7812f:2s8c|2dAc:100|-100:player02-143-discovery|player01-143-discovery
STATE:76:cr15371f:7d2h|Ks8s:-100|100:player01-143-discovery|player02-143-discovery
STATE:77:r14380f:9dJc|Ah7c:100|-100:player02-143-discovery|player01-143-discovery
STATE:78:cr13022f:2d4s|KhKd:-100|100:player01-143-discovery|player02-143-discovery
STATE:79:r13618f:2s7d|5sJc:100|-100:player02-143-discovery|player01-143-discovery
STATE:80:cr6667f:4hAs|6d2s:-100|100:player01-143-discovery|player02-143-discovery
STATE:81:cc/cc/cr2452f:Qc8d|4cJs/Th5s8c/3c:100|-100:player02-143-discovery|player01-143-discovery
STATE:82:cr10173f:8d5d|QcAs:-100|100:player01-143-discovery|player02-143-discovery
STATE:83:r5216f:Qd9s|3h5s:100|-100:player02-143-discovery|player01-143-discovery
STATE:84:cr10424f:9dQh|As8h:-100|100:player01-143-discovery|player02-143-discovery
STATE:85:r10024f:Jd2s|4c5c:100|-100:player02-143-discovery|player01-143-discovery
STATE:86:r300r5528f:Th8h|AsTc:-300|300:player01-143-discovery|player02-143-discovery
STATE:87:cc/cc/cr16522f:5cKd|3d3h/TcJd7s/7c:100|-100:player02-143-discovery|player01-143-discovery
STATE:88:r300c/r13952f:Ac9d|9c2c/4dQc9h:-300|300:player01-143-discovery|player02-143-discovery
STATE:89:r19169f:QsJs|7c8c:100|-100:player02-143-discovery|player01-143-discovery
STATE:90:cr1701f:8h5h|2h4d:-100|100:player01-143-discovery|player02-143-discovery
STATE:91:r5900f:4h5h|7s4c:100|-100:player02-143-discovery|player01-143-discovery
STATE:92:r300c/r6019f:5s4h|8sTd/9dTs4s:-300|300:player01-143-discovery|player02-143-discovery
STATE:93:cc/cr6393f:JcKh|Ad3h/Qc7sJh:100|-100:player02-143-discovery|player01-143-discovery
STATE:94:r300r11074f:KsQs|7d8s:-300|300:player01-143-discovery|player02-143-discovery
STATE:95:cc/cr10684f:6sAd|QsTc/Qd5c6c:100|-100:player02-143-discovery|player01-143-discovery
STATE:96:r300r4109f:7sAs|AdAc:-300|300:player01-143-discovery|player02-143-discovery
STATE:97:r7122f:4cTd|6sKc:100|-100:player02-143-discovery|player01-143-discovery
STATE:98:r300c/cc/cc/cc:3d5d|7cKd/QhJh5h/Td/6c:300|-300:player01-143-discovery|player02-143-discovery
STATE:99:r11766f:6hJd|7c5d:100|-100:player02-143-discovery|player01-143-discovery
STATE:100:r300r9148f:QcTs|Qd3s:-300|300:player01-143-discovery|player02-143-discovery
STATE:101:cc/cr10934f:JcQd|2c6s/3dAdAh:100|-100:player02-143-discovery|player01-143-discovery
STATE:102:cc/cc/r16293f:2h4d|8d7d/3hQh7h/Kh:-100|100:player01-143-discovery|player02-143-discovery
STATE:103:cc/cc/cc/cc:9c5c|AdQc/KcJd2d/Jc/8d:-100|100:player02-143-discovery|player01-143-discovery
STATE:104:r300c/r5259f:AhTh|Jd3h/8hAd2s:-300|300:player01-143-discovery|player02-143-discovery
STATE:105:r19823f:7hTc|2cAc:100|-100:player02-143-discovery|player01-143-discovery
STATE:106:cr10534f:2h3d|8d6d:-100|100:player01-143-discovery|player02-143-discovery
STATE:107:r6793f:9s7s|Ah9h:100|-100:player02-143-discovery|player01-143-discovery
STATE:108:r300c/r1719f:8c7c|Ad9d/6dTcJh:-300|300:player01-143-discovery|player02-143-discovery
STATE:109:r4439f:2d6h|3c5c:100|-100:player02-143-discovery|player01-143-discovery
STATE:110:r300r13336f:8d8s|2d5s:-300|300:player01-143-discovery|player02-143-discovery
STATE:111:r9627f:JdAs|Tc7c:100|-100:player02-143-discovery|player01-143-discovery
STATE:112:cr10890f:4cJc|6c3d:-100|100:player01-143-discovery|player02-143-discovery
STATE:113:cc/cc/cr14929f:9dTd|8s6s/Qs7c3h/4h:100|-100:player02-143-discovery|player01-143-discovery
STATE:114:r300r10052f:Kc3s|8h8s:-300|300:player01-143-discovery|player02-143-discovery
STATE:115:r8139f:2h9s|8s4h:100|-100:player02-143-discovery|player01-143-discovery
STATE:116:r300c/r11776f:9c6s|7s6h/6cJs8s:-300|300:player01-143-discovery|player02-143-discovery
STATE:117:r5491f:Jd8d|QdAd:100|-100:player02-143-discovery|player01-143-discovery
STATE:118:cr7856f:5s2d|6s7s:-100|100:player01-143-discovery|player02-143-discovery
STATE:119:cc/cr12586f:Ts6c|8h5s/4cJc6s:100|-100:player02-143-discovery|player01-143-discovery
STATE:120:cr8014f:Ks2s|Kd2d:-100|100:player01-143-discovery|player02-143-discovery
STATE:121:cc/cc/cr634f:5sTh|7hQh/8cAd8d/Jh:100|-100:player02-143-discovery|player01-143-discovery
STATE:122:cr17838f:7sAd|AhJh:-100|100:player01-143-discovery|player02-143-discovery
STATE:123:r10966f:Js3h|Kh3d:100|-100:player02-143-discovery|player01-143-discovery
STATE:124:r300c/cc/r14793f:Qs4c|3dTs/2d2hTd/9c:-300|300:player01-143-discovery|player02-143-discovery
STATE:125:cc/cr19399f:Kc8s|2s7d/5hQhJd:100|-100:player02-143-discovery|player01-143-discovery
STATE:126:cc/r397f:7dKh|JsQh/Jh4c9d:-100|100:player01-143-discovery|player02-143-discovery
STATE:127:r18073f:7cTc|9s8d:100|-100:player02-143-discovery|player01-143-discovery
STATE:128:cr4421f:5s7c|7hKd:-100|100:player01-143-discovery|player02-143-discovery
STATE:129:r13648f:8d9h|JhQs:100|-100:player02-143-discovery|player01-143-discovery
STATE:130:r300r880f:4s5c|8h2c:-300|300:player01-143-discovery|player02-143-discovery
STATE:131:r14715f:9c5d|KdTs:100|-100:player02-143-discovery|player01-143-discovery
STATE:132:cc/cc/r8181f:2d9s|2h3d/Jc3sJh/Kd:-100|100:player01-143-discovery|player02-143-discovery
STATE:133:r15046f:Kh6d|7d8d:100|-100:player02-143-discovery|player01-143-discovery
STATE:134:r300r9947f:3c4d|7sKs:-300|300:player01-143-discovery|player02-143-discovery
STATE:135:cc/cr2122f:5h2d|KdJs/3h7d3s:100|-100:player02-143-discovery|player01-143-discovery
STATE:136:r300c/cc/r2078f:4hQh|8cAs/6c3c8d/Kh:-300|300:player01-143-discovery|player02-143-discovery
STATE:137:cc/cc/cr5430f:7cTs|Ah9h/QhTcKc/6d:100|-100:player02-143-discovery|player01-143-discovery
STATE:138:cc/r10517f:4d8d|2c6s/3cAhTs:-100|100:player01-143-discovery|player02-143-discovery
STATE:139:r15369f:2sJd|Qh4s:100|-100:player02-143-discovery|player01-143-discovery
STATE:140:r300r963f:6sJd|Js3d:-300|300:player01-143-discovery|player02-143-discovery
STATE:141:cc/cc/cc/cc:Kd7s|9sJs/9d9h3s/Td/Jc:-100|100:player02-143-discovery|player01-143-discovery
STATE:142:r300r7630f:JhJc|5hTc:-300|300:player01-143-discovery|player02-143-discovery
STATE:143:cc/cc/cr1230f:8c3d|AsQs/7h3h9h/5d:100|-100:player02-143-discovery|player01-143-discovery
STATE:144:cr15879f:4h2c|Jh6d:-100|100:player01-143-discovery|player02-143-discovery
STATE:145:r4596f:5c6c|8d8c:100|-100:player02-143-discovery|player01-143-discovery
STATE:146:r300c/r15776f:4h3h|2h2s/ThQcAc:-300|300:player01-143-discovery|player02-143-discovery
STATE:147:f:3sAd|JhAh:-50|50:player02-143-discovery|player01-143-discovery
STATE:148:r300c/r11262f:KsQd|8c8h/5c2d5h:-300|300:player01-143-discovery|player02-143-discovery
STATE:149:cc/cr665f:5cAs|Jh8s/8d5sTc:100|-100:player02-143-discovery|player01-143-discovery
STATE:150:cc/cc/cc/r8961f:As4d|6d6c/6sJs2c/Qh/3d:-100|100:player01-143-discovery|player02-143-discovery
STATE:151:r10105f:3d4s|Jh8c:100|-100:player02-143-discovery|player01-143-discovery
STATE:152:cc/cc/cc/r11717f:Ac6h|3hKc/Qs8c9d/7h/Ad:-100|100:player01-143-discovery|player02-143-discovery
STATE:153:r16235f:6s4c|6d4d:100|-100:player02-143-discovery|player01-143-discovery
STATE:154:cc/cc/r4160f:3s6c|9sJs/7c2hAd/6h:-100|100:player01-143-discovery|player02-143-discovery
STATE:155:cc/cc/cc/cc:5s7s|4c8s/3s7h6s/Kd/5c:-100|100:player02-143-discovery|player01-143-discovery
STATE:156:r300r4232f:JhAc|Ks2s:-300|300:player01-143-discovery|player02-143-discovery
STATE:157:cc/cc/cr10320f:8sAd|9cTs/5s5c2d/4c:100|-100:player02-143-discovery|player01-143-discovery
STATE:158:r300r17577f:ThKs|8cAd:-300|300:player01-143-discovery|player02-143-discovery
STATE:159:f:9sAd|8dQh:-50|50:player02-143-discovery|player01-143-discovery
STATE:160:cc/cc/cc/cc:3cTh|9sJc/QcTdJs/Ts/Ah:100|-100:player01-143-discovery|player02-143-discovery
STATE:161:cc/cr19648f:9h6h|6sJh/Js5c7c:100|-100:player02-143-discovery|player01-143-discovery
STATE:162:r300c/r10505f:4h3d|3s2s/8d5c6s:-300|300:player01-143-discovery|player02-143-discovery
STATE:163:r7618f:Qd9d|Qs5c:100|-100:player02-143-discovery|player01-143-discovery
STATE:164:r300c/r9429f:8d7d|8cAs/Ah4h4c:-300|300:player01-143-discovery|player02-143-discovery
STATE:165:r9065f:Kd4c|3h5h:100|-100:player02-143-discovery|player01-143-discovery
STATE:166:r300f:Qd6d|Kh3s:100|-100:player01-143-discovery|player02-143-discovery
STATE:167:r919f:6h5h|Ts3d:100|-100:player02-143-discovery|player01-143-discovery
STATE:168:r300f:JcAc|Ks8d:100|-100:player01-143-discovery|player02-143-discovery
STATE:169:r1769f:Qs2c|9d5s:100|-100:player02-143-discovery|player01-143-discovery
STATE:170:r300r12184f:Kh3s|8d7c:-300|300:player01-143-discovery|player02-143-discovery
STATE:171:r4138f:4h3c|7d6c:100|-100:player02-143-discovery|player01-143-discovery
STATE:172:cc/cc/cc/r16421f:5d9d|5sJs/8sQhJh/3d/Kd:-100|100:player01-143-discovery|player02-143-discovery
STATE:173:cc/cr18955f:5hAs|AcTs/2sKd3d:100|-100:player02-143-discovery|player01-143-discovery
STATE:174:r300c/r16795f:Tc5h|Qd8h/8s7cTs:-300|300:player01-143-discovery|player02-143-discovery
STATE:175:cc/cr18584f:3c5h|QdKd/6h8c3h:100|-100:player02-143-discovery|player01-143-discovery
STATE:176:r300c/cc/cc/r17477f:AhAd|4h2h/7dTs4c/Js/As:-300|300:player01-143-discovery|player02-143-discovery
STATE:177:r17740f:4c4d|2d8h:100|-100:player02-143-discovery|player01-143-discovery
STATE:178:r300c/r752f:JsKs|QsQh/AhTd7c:-300|300:player01-143-discovery|player02-143-discovery
STATE:179:r10200f:2s7s|Js4s:100|-100:player02-143-discovery|player01-143-discovery
STATE:180:cc/r10155f:2hKs|3dTc/7sTd2c:-100|100:player01-143-discovery|player02-143-discovery
STATE:181:f:2d6h|5d8h:-50|50:player02-143-discovery|player01-143-discovery
STATE:182:r300r7632f:5h6h|9c3c:-300|300:player01-143-discovery|player02-143-discovery
STATE:183:cr300c/cc/cc/cr5167f:8h9h|KcAc/5hJh9c/2s/Js:300|-300:player02-143-discovery|player01-143-discovery
STATE:184:cc/r16742f:9h3h|Jd5h/JsKs5c:-100|100:player01-143-discovery|player02-143-discovery
STATE:185:cc/cc/cr10969f:8c3s|Qh6h/6s2sAc/7h:100|-100:player02-143-discovery|player01-143-discovery
STATE:186:cc/cc/cc/r3657f:3c7s|Js5c/8c9c5d/4s/8d:-100|100:player01-143-discovery|player02-143-discovery
STATE:187:cc/cr8024f:AdAh|4dAs/4sQd5s:100|-100:player02-143-discovery|player01-143-discovery
STATE:188:r300c/cc/cc/cc:Jc6h|6c6d/9sKs3h/2c/4d:-300|300:player01-143-discovery|player02-143-discovery
STATE:189:cr300c/cr2693f:5c6h|9sQh/5hTdKh:300|-300:player02-143-discovery|player01-143-discovery
STATE:190:cc/cc/cc/cc:Th4s|6h4h/8c8hTc/Ac/5c:100|-100:player01-143-discovery|player02-143-discovery
STATE:191:r9554f:7s3d|KcTs:100|-100:player02-143-discovery|player01-143-discovery
STATE:192:cr16008f:Qd9h|4c9s:-100|100:player01-143-discovery|player02-143-discovery
STATE:193:cc/cc/cc/cr8193f:9h5c|5hTc/9s3s2h/Kd/Kh:100|-100:player02-143-discovery|player01-143-discovery
STATE:194:r300c/cc/r19390f:9d9h|Ts3h/5c8h2h/5h:-300|300:player01-143-discovery|player02-143-discovery
STATE:195:cc/cc/cr5060f:8h4s|5h5d/6d7s7h/7d:100|-100:player02-143-discovery|player01-143-discovery
STATE:196:cr5980f:KhAc|Ad2d:-100|100:player01-143-discovery|player02-143-discovery
STATE:197:cc/cc/cc/cc:QhKh|9cAd/Qs8h8d/6h/8s:100|-100:player02-143-discovery|player01-143-discovery
STATE:198:r300c/r6218f:7s9s|Th4s/8s5hKc:-300|300:player01-143-discovery|player02-143-discovery
STATE:199:f:TcJc|2cJs:-50|50:player02-143-discovery|player01-143-discovery
STATE:200:cc/r10027f:8cAd|9sQd/Tc6hJs:-100|100:player01-143-discovery|player02-143-discovery
STATE:201:r867f:3cJs|8d2s:100|-100:player02-143-discovery|player01-143-discovery
STATE:202:cc/r14101f:7cAs|9c7d/QcAd4d:-100|100:player01-143-discovery|player02-143-discovery
STATE:203:cc/cr1805f:7cQd|4dAc/As8h2h:100|-100:player02-143-discovery|player01-143-discovery
STATE:204:cc/r9368f:2dJh|3hQh/JsKs6c:-100|100:player01-143-discovery|player02-143-discovery
STATE:205:cc/cr14257f:QsJh|QhTs/AsAh3d:100|-100:player02-143-discovery|player01-143-discovery
STATE:206:cr13611f:9sJc|7cJd:-100|100:player01-143-discovery|player02-143-discovery
STATE:207:cc/cc/cc/cr12627f:Ad9h|5d6c/Ks3c7s/Td/Ts:100|-100:player02-143-discovery|player01-143-discovery
STATE:208:cr4815f:8hKc|QdAs:-100|100:player01-143-discovery|player02-143-discovery
STATE:209:r2171f:9dAd|7c8d:100|-100:player02-143-discovery|player01-143-discovery
STATE:210:cr5235f:4hJd|KcAs:-100|100:player01-143-discovery|player02-143-discovery
STATE:211:cr300r8707f:5d6c|7dTd:300|-300:player02-143-discovery|player01-143-discovery
STATE:212:cr4323f:Tc8s|Qh7d:-100|100:player01-143-discovery|player02-143-discovery
STATE:213:r18409f:5c2h|KhJd:100|-100:player02-143-discovery|player01-143-discovery
STATE:214:cc/cc/cc/cc:2s7c|Js7s/Ah8h9h/Jd/Ks:-100|100:player01-143-discovery|player02-143-discovery
STATE:215:cc/cr7345f:Td7s|KhQh/2c3d4s:100|-100:player02-143-discovery|player01-143-discovery
STATE:216:r300c/cc/cc/r11526f:9h8s|JsQc/TcJdAh/5d/4c:-300|300:player01-143-discovery|player02-143-discovery
STATE:217:cr300c/cr16490f:TsJs|ThQh/9s2cJd:300|-300:player02-143-discovery|player01-143-discovery
STATE:218:r300r18714f:2cQs|6c4s:-300|300:player01-143-discovery|player02-143-discovery
STATE:219:cc/cr7344f:7sTs|5hQh/Jd3h8s:100|-100:player02-143-discovery|player01-143-discovery
STATE:220:cc/cc/r14224f:3c3d|4h6d/8h5cQd/8c:-100|100:player01-143-discovery|player02-143-discovery
STATE:221:r18149f:3d4c|Jc7s:100|-100:player02-143-discovery|player01-143-discovery
STATE:222:cc/cc/r12911f:3cAh|3d8d/Kd6c7c/8c:-100|100:player01-143-discovery|player02-143-discovery
STATE:223:r9768f:KcJd|Ks2c:100|-100:player02-143-discovery|player01-143-discovery
STATE:224:cr8277f:3cAs|7s6h:-100|100:player01-143-discovery|player02-143-discovery
STATE:225:cc/cr2918f:Ah9c|4h3d/8sQc5c:100|-100:player02-143-discovery|player01-143-discovery
STATE:226:cr9824f:2h8d|2d7c:-100|100:player01-143-discovery|player02-143-discovery
STATE:227:f:Qs7d|Td7h:-50|50:player02-143-discovery|player01-143-discovery
STATE:228:r300c/cc/r4901f:7sTd|Qd6d/Ac6c5h/8s:-300|300:player01-143-discovery|player02-143-discovery
STATE:229:r9352f:2dKh|5s4d:100|-100:player02-143-discovery|player01-143-discovery
STATE:230:cc/cc/cc/r12779f:8c3s|KcAd/Ts9d7c/7d/4c:-100|100:player01-143-discovery|player02-143-discovery
STATE:231:cc/cc/cc/cr13949f:Qs3s|9cTd/3d4s4c/2s/8c:100|-100:player02-143-discovery|player01-143-discovery
STATE:232:cr15664f:8c4s|Ac4h:-100|100:player01-143-discovery|player02-143-discovery
STATE:233:r4770f:Jc3h|8h6s:100|-100:player02-143-discovery|player01-143-discovery
STATE:234:cc/r3730f:2d2c|6d6s/5s9d8h:-100|100:player01-143-discovery|player02-143-discovery
STATE:235:r4025f:3h8s|3cQc:100|-100:player02-143-discovery|player01-143-discovery
STATE:236:cr2404f:Kc6s|8dJh:-100|100:player01-143-discovery|player02-143-discovery
STATE:237:f:6d6s|2c4h:-50|50:player02-143-discovery|player01-143-discovery
STATE:238:r300c/cc/r3154f:5hQh|5s6h/5c6s7s/Ac:-300|300:player01-143-discovery|player02-143-discovery
STATE:239:cc/cr16346f:2d2s|7c5s/Jh8hJc:100|-100:player02-143-discovery|player01-143-discovery
STATE:240:r300r7872f:9c8d|5s3s:-300|300:player01-143-discovery|player02-143-discovery
STATE:241:cc/cc/cc/cc:Ts9c|7c5d/Kh9d5c/As/8c:100|-100:player02-143-discovery|player01-143-discovery
STATE:242:cc/cc/cc/r11637f:5cJs|9sJc/3s2c2d/6h/Qc:-100|100:player01-143-discovery|player02-143-discovery
STATE:243:r13541f:QhTs|Jd3s:100|-100:player02-143-discovery|player01-143-discovery
STATE:244:cc/cc/cc/cc:3c3d|AcTh/7s7c8h/Qd/6s:100|-100:player01-143-discovery|player02-143-discovery
STATE:245:r4260f:7cJd|5d7d:100|-100:player02-143-discovery|player01-143-discovery
STATE:246:r300c/r10396f:9h5s|5h2s/7c6cTc:-300|300:player01-143-discovery|player02-143-discovery
STATE:247:cc/cc/cr3447f:9h2d|AcKs/7s4h3d/Qh:100|-100:player02-143-discovery|player01-143-discovery
STATE:248:r300r6768f:KsTd|9dQs:-300|300:player01-143-discovery|player02-143-discovery
STATE:249:cc/cr757f:Js6c|6dJc/Kh6hKs:100|-100:player02-143-discovery|player01-143-discovery
STATE:250:r300c/cc/r15730f:6cTd|JdJc/6h8c9c/7c:-300|300:player01-143-discovery|player02-143-discovery
STATE:251:cc/cc/cr5625f:9cTs|Jd8h/JhJcAs/Js:100|-100:player02-143-discovery|player01-143-discovery
STATE:252:r300r10583f:6s9s|TcTd:-300|300:player01-143-discovery|player02-143-discovery
STATE:253:cc/cc/cr2111f:4d8s|KhAs/8h2s6h/9c:100|-100:player02-143-discovery|player01-143-discovery
STATE:254:r300r15231f:KdJc|2cAh:-300|300:player01-143-discovery|player02-143-discovery
STATE:255:cc/cr8976f:4dJs|9dAs/2c6c9s:100|-100:player02-143-discovery|player01-143-discovery
STATE:256:cc/cc/r17443f:8c6d|4cJs/4d6h6c/7c:-100|100:player01-143-discovery|player02-143-discovery
STATE:257:r4195f:2d3s|2c7h:100|-100:player02-143-discovery|player01-143-discovery
STATE:258:cc/cc/r17834f:6dKc|7sTs/2cAhKh/5c:-100|100:player01-143-discovery|player02-143-discovery
STATE:259:cc/cr6070f:Qc2h|QhJs/9d5h2s:100|-100:player02-143-discovery|player01-143-discovery
STATE:260:cr10398f:KhKc|2d9h:-100|100:player01-143-discovery|player02-143-discovery
STATE:261:r1587f:JsQh|5dTh:100|-100:player02-143-discovery|player01-143-discovery
STATE:262:cr412f:3dTd|ThQs:-100|100:player01-143-discovery|player02-143-discovery
STATE:263:r2838f:8hQh|2h4h:100|-100:player02-143-discovery|player01-143-discovery
STATE:264:cc/r4136f:Jc7h|4sQc/6h3dJs:-100|100:player01-143-discovery|player02-143-discovery
STATE:265:cc/cc/cc/cr2923f:Jc9c|5s8s/6hAd3c/5c/Kc:100|-100:player02-143-discovery|player01-143-discovery
STATE:266:cc/cc/cc/r7944f:Qs5h|2s6h/JhAc8c/3c/Ah:-100|100:player01-143-discovery|player02-143-discovery
STATE:267:r19981f:3sKc|2h6c:100|-100:player02-143-discovery|player01-143-discovery
STATE:268:r300c/r17455f:8c9h|Jd4c/8d4hTc:-300|300:player01-143-discovery|player02-143-discovery
STATE:269:f:Th2h|KcTc:-50|50:player02-143-discovery|player01-143-discovery
STATE:270:cr19430f:8dQs|Tc4c:-100|100:player01-143-discovery|player02-143-discovery
STATE:271:cc/cr13621f:2cTd|3h8d/8sAh7h:100|-100:player02-143-discovery|player01-143-discovery
STATE:272:cr14015f:4hAc|8s6h:-100|100:player01-143-discovery|player02-143-discovery
STATE:273:r19804f:6h3c|9sAs:100|-100:player02-143-discovery|player01-143-discovery
STATE:274:r300c/cc/r9808f:7c6c|9cTc/9hAc9s/2c:-300|300:player01-143-discovery|player02-143-discovery
STATE:275:r16816f:8d5d|3d8s:100|-100:player02-143-discovery|player01-143-discovery
STATE:276:cc/r6913f:9h7c|Ts2d/2h4sAc:-100|100:player01-143-discovery|player02-143-discovery
STATE:277:r14644f:6d4s|Td3h:100|-100:player02-143-discovery|player01-143-discovery
STATE:278:r300r12264f:9hAs|8s5c:-300|300:player01-143-discovery|player02-143-discovery
STATE:279:r6779f:7c3h|4sAd:100|-100:player02-143-discovery|player01-143-discovery
STATE:280:cc/cc/r8146f:4c2d|7s9h/Qh4d6d/Qs:-100|100:player01-143-discovery|player02-143-discovery
STATE:281:r13391f:9cJs|3h2h:100|-100:player02-143-discovery|player01-143-discovery
STATE:282:r300r18275f:9c6h|9d4h:-300|300:player01-143-discovery|player02-143-discovery
STATE:283:r14419f:4dTh|9s5d:100|-100:player02-143-discovery|player01-143-discovery
STATE:284:cr6655f:Qh9s|8cJh:-100|100:player01-143-discovery|player02-143-discovery
STATE:285:r4910f:6h9h|5d9c:100|-100:player02-143-discovery|player01-143-discovery
STATE:286:r300r8084f:5cAc|7d2s:-300|300:player01-143-discovery|player02-143-discovery
STATE:287:r12876f:Kd5d|2c9s:100|-100:player02-143-discovery|player01-143-discovery
STATE:288:r300r4544f:3s9d|7d7c:-300|300:player01-143-discovery|player02-143-discovery
STATE:289:r16508f:3h2s|2h6h:100|-100:player02-143-discovery|player01-143-discovery
STATE:290:cc/r5126f:3cTh|4cJs/6c4s3d:-100|100:player01-143-discovery|player02-143-discovery
STATE:291:r5643f:5s2c|6sKc:100|-100:player02-143-discovery|player01-143-discovery
STATE:292:r300r1560f:8h7c|4cQh:-300|300:player01-143-discovery|player02-143-discovery
STATE:293:f:5cKs|3hKh:-50|50:player02-143-discovery|player01-143-discovery
STATE:294:cr11069f:8sTc|5h8c:-100|100:player01-143-discovery|player02-143-discovery
STATE:295:r14745f:6cAs|3h2s:100|-100:player02-143-discovery|player01-143-discovery
STATE:296:r300c/r5536f:AhQc|TsQh/4h2sQs:-300|300:player01-143-discovery|player02-143-discovery
STATE:297:r10227f:4d4c|Kd3c:100|-100:player02-143-discovery|player01-143-discovery
STATE:298:r300r12699f:9h6s|QhAh:-300|300:player01-143-discovery|player02-143-discovery
STATE:299:cc/cr8358f:2s8s|7cJd/Qc5d5s:100|-100:player02-143-discovery|player01-143-discovery
STATE:300:r300r3672f:QsAh|Jd6h:-300|300:player01-143-discovery|player02-143-discovery
STATE:301:cc/cr14654f:7s2d|7h4d/KcJh2h:100|-100:player02-143-discovery|player01-143-discovery
STATE:302:cr1471f:Ah3d|6sTh:-100|100:player01-143-discovery|player02-143-discovery
STATE:303:r15785f:2cTh|6h4c:100|-100:player02-143-discovery|player01-143-discovery
STATE:304:cr7130f:6c8s|Kc8h:-100|100:player01-143-discovery|player02-143-discovery
STATE:305:r11807f:2d6h|KsQd:100|-100:player02-143-discovery|player01-143-discovery
STATE:306:r300r9515f:Jc5s|KcQs:-300|300:player01-143-discovery|player02-143-discovery
STATE:307:cc/cr18273f:Td2s|5c2c/7hKdQc:100|-100:player02-143-discovery|player01-143-discovery
STATE:308:cr19251f:8s3c|Ad6d:-100|100:player01-143-discovery|player02-143-discovery
STATE:309:cc/cr2875f:As9h|3hQh/Ks9s8s:100|-100:player02-143-discovery|player01-143-discovery
STATE:310:cr13566f:6d7s|6cKd:-100|100:player01-143-discovery|player02-143-discovery
STATE:311:r10515f:2sQs|7dQh:100|-100:player02-143-discovery|player01-143-discovery
STATE:312:cc/cc/r6635f:5d6s|As6c/8h7sQs/8c:-100|100:player01-143-discovery|player02-143-discovery
STATE:313:r10653f:7c2c|Qc8d:100|-100:player02-143-discovery|player01-143-discovery
STATE:314:cr3292f:8cTc|7sAc:-100|100:player01-143-discovery|player02-143-discovery
STATE:315:r11792f:6cTd|2h7c:100|-100:player02-143-discovery|player01-143-discovery
STATE:316:cr15163f:8sQh|9d2s:-100|100:player01-143-discovery|player02-143-discovery
STATE:317:cc/cr10520f:8sTh|7sKs/Ac6hQs:100|-100:player02-143-discovery|player01-143-discovery
STATE:318:cc/r13621f:2h2d|3cTc/8c8dJd:-100|100:player01-143-discovery|player02-143-discovery
STATE:319:cc/cr1990f:6h6d|3hTd/5s7cJd:100|-100:player02-143-discovery|player01-143-discovery
STATE:320:cc/r1908f:QcAc|Qs5h/QhJc3s:-100|100:player01-143-discovery|player02-143-discovery
STATE:321:cc/cr13509f:8h4h|2s7c/6sQc2h:100|-100:player02-143-discovery|player01-143-discovery
STATE:322:cc/r18095f:5cAs|6d7d/Qh4h3s:-100|100:player01-143-discovery|player02-143-discovery
STATE:323:cc/cr576f:5s9d|Ts5h/9cJs7h:100|-100:player02-143-discovery|player01-143-discovery
STATE:324:cr8188f:Kh2s|7dJd:-100|100:player01-143-discovery|player02-143-discovery
STATE:325:cc/cr11756f:3h2s|JsAc/KcTd4h:100|-100:player02-143-discovery|player01-143-discovery
STATE:326:r300c/cc/cc/r14442f:3hKh|2d3c/4dTc4h/Kd/6h:-300|300:player01-143-discovery|player02-143-discovery
STATE:327:cc/cr3292f:JdKh|Td2c/3dTc8h:100|-100:player02-143-discovery|player01-143-discovery
STATE:328:r300r18703f:KhTc|Kc7c:-300|300:player01-143-discovery|player02-143-discovery
STATE:329:cc/cr429f:Kc8c|AhQd/6dKh5s:100|-100:player02-143-discovery|player01-143-discovery
STATE:330:r300r17809f:9h9s|4d9c:-300|300:player01-143-discovery|player02-143-discovery
STATE:331:r12043f:4s7s|5s5c:100|-100:player02-143-discovery|player01-143-discovery
STATE:332:cc/r3371f:3d2s|5sQc/8d4cJd:-100|100:player01-143-discovery|player02-143-discovery
STATE:333:f:4c9c|Td2s:-50|50:player02-143-discovery|player01-143-discovery
STATE:334:r300r19250f:9d3h|Kd2c:-300|300:player01-143-discovery|player02-143-discovery
STATE:335:r7509f:6c9c|9dKd:100|-100:player02-143-discovery|player01-143-discovery
STATE:336:cr9715f:2h6d|8c5d:-100|100:player01-143-discovery|player02-143-discovery
STATE:337:cc/cc/cc/cr14625f:3dQh|4hKh/AsTs5d/Ks/7s:100|-100:player02-143-discovery|player01-143-discovery
STATE:338:cr15171f:Qh6h|9s8d:-100|100:player01-143-discovery|player02-143-discovery
STATE:339:r2319f:Ks5s|Qd5c:100|-100:player02-143-discovery|player01-143-discovery
STATE:340:cr16109f:2d9h|Qh6c:-100|100:player01-143-discovery|player02-143-discovery
STATE:341:r19028f:TcQh|6d7h:100|-100:player02-143-discovery|player01-143-discovery
STATE:342:r300c/r1467f:2sAs|Qs8d/3cTsAc:-300|300:player01-143-discovery|player02-143-discovery
STATE:343:r10934f:9d6h|Kc4d:100|-100:player02-143-discovery|player01-143-discovery
STATE:344:r300r18364f:JhAd|2h8d:-300|300:player01-143-discovery|player02-143-discovery
STATE:345:cc/cc/cr11130f:6c4c|6s6h/3c7hKc/4s:100|-100:player02-143-discovery|player01-143-discovery
STATE:346:cr10817f:3h5s|8cQc:-100|100:player01-143-discovery|player02-143-discovery
STATE:347:f:7c3h|2d4c:-50|50:player02-143-discovery|player01-143-discovery
STATE:348:r300c/r14632f:Qs7s|9dKc/2c4s5c:-300|300:player01-143-discovery|player02-143-discovery
STATE:349:cc/cc/cr11190f:QcTh|TcAh/5d9cAs/Js:100|-100:player02-143-discovery|player01-143-discovery
STATE:350:r300r16892f:JdKh|Jc7d:-300|300:player01-143-discovery|player02-143-discovery
STATE:351:cc/cr17592f:4d7d|KdQs/Ac4hQc:100|-100:player02-143-discovery|player01-143-discovery
STATE:352:r300c/cc/r15858f:7s6s|Jh7d/3c3sKh/Ad:-300|300:player01-143-discovery|player02-143-discovery
STATE:353:cc/cr5626f:AcKs|5dKd/6c2c4d:100|-100:player02-143-discovery|player01-143-discovery
STATE:354:cc/cc/cc/r15832f:Kd4h|8h9d/5sQhAs/8d/6c:-100|100:player01-143-discovery|player02-143-discovery
STATE:355:cc/cr8013f:6c5h|Th2h/AsAh2s:100|-100:player02-143-discovery|player01-143-discovery
STATE:356:cc/r7362f:2c9c|8h2d/5d9dTd:-100|100:player01-143-discovery|player02-143-discovery
STATE:357:cc/cr8374f:5s2c|6d5c/KdQs9c:100|-100:player02-143-discovery|player01-143-discovery
STATE:358:cc/r11413f:Js2h|KsTd/Ts6dTc:-100|100:player01-143-discovery|player02-143-discovery
STATE:359:cr300r16149f:7hAs|Ad6d:300|-300:player02-143-discovery|player01-143-discovery
STATE:360:cr7259f:3cQd|KdJc:-100|100:player01-143-discovery|player02-143-discovery
STATE:361:r11923f:7sJd|3sJc:100|-100:player02-143-discovery|player01-143-discovery
STATE:362:cr12705f:9s5s|2d7c:-100|100:player01-143-discovery|player02-143-discovery
STATE:363:r443f:7d9d|4d5c:100|-100:player02-143-discovery|player01-143-discovery
STATE:364:cr18513f:5s6h|4cAh:-100|100:player01-143-discovery|player02-143-discovery
STATE:365:r10687f:7hQc|3s9c:100|-100:player02-143-discovery|player01-143-discovery
STATE:366:cc/cc/r6775f:9cJd|Ad4s/7cTs2h/3d:-100|100:player01-143-discovery|player02-143-discovery
STATE:367:cc/cc/cr12870f:3cAs|4c3h/Qc9h4s/2d:100|-100:player02-143-discovery|player01-143-discovery
STATE:368:cr13147f:6dAh|JsTh:-100|100:player01-143-discovery|player02-143-discovery
STATE:369:cc/cr13646f:Kc3c|Jh6c/Td9d7h:100|-100:player02-143-discovery|player01-143-discovery
STATE:370:cc/r5363f:2d5c|5h9h/4sKcQc:-100|100:player01-143-discovery|player02-143-discovery
STATE:371:r698f:7d9d|6hKh:100|-100:player02-143-discovery|player01-143-discovery
STATE:372:r300r12345f:9s6d|Ad9c:-300|300:player01-143-discovery|player02-143-discovery
STATE:373:cc/cr12840f:5s3s|6hQs/JcKs8s:100|-100:player02-143-discovery|player01-143-discovery
STATE:374:cc/r5117f:Tc7s|5c6h/6s4sAc:-100|100:player01-143-discovery|player02-143-discovery
STATE:375:cc/cr11760f:KdJh|Qs4c/2h8d7h:100|-100:player02-143-discovery|player01-143-discovery
STATE:376:cc/cc/cc/r7205f:AhKc|JdQd/3d3cTd/Kd/6s:-100|100:player01-143-discovery|player02-143-discovery
STATE:377:r2402f:KcKd|JcKh:100|-100:player02-143-discovery|player01-143-discovery
STATE:378:r300c/cc/cc/cc:9sAc|Jc5h/Ad6s6d/7d/9c:300|-300:player01-143-discovery|player02-143-discovery
STATE:379:r11961f:9d2h|2s3h:100|-100:player02-143-discovery|player01-143-discovery
STATE:380:r300r18412f:Ks8d|7h4h:-300|300:player01-143-discovery|player02-143-discovery
STATE:381:cc/cr2503f:7c5h|7d8s/QdJs2s:100|-100:player02-143-discovery|player01-143-discovery
STATE:382:cr1022f:Jh3s|Js6h:-100|100:player01-143-discovery|player02-143-discovery
STATE:383:cc/cc/cr2330f:Kd8d|Ah3d/7dJs4s/Ts:100|-100:player02-143-discovery|player01-143-discovery
STATE:384:cc/r2011f:6dAs|6cTd/Ah3s8d:-100|100:player01-143-discovery|player02-143-discovery
STATE:385:cc/cr12741f:6sJc|Qc8h/KhKc8c:100|-100:player02-143-discovery|player01-143-discovery
STATE:386:cr14853f:8d3h|4hAh:-100|100:player01-143-discovery|player02-143-discovery
STATE:387:r13664f:Qd3c|5h8d:100|-100:player02-143-discovery|player01-143-discovery
STATE:388:r300c/r8252f:AcQs|3sQh/3h8dKd:-300|300:player01-143-discovery|player02-143-discovery
STATE:389:cc/cc/cc/cc:7cTh|Kh4d/8h6s7h/Js/4h:100|-100:player02-143-discovery|player01-143-discovery
STATE:390:r300c/r10005f:8h9c|2cKd/9sQs3d:-300|300:player01-143-discovery|player02-143-discovery
STATE:391:r382f:QdTc|Qh6s:100|-100:player02-143-discovery|player01-143-discovery
STATE:392:cr7801f:8d4s|Jh5s:-100|100:player01-143-discovery|player02-143-discovery
STATE:393:cc/cr16089f:9sKd|3d3s/AsTcJs:100|-100:player02-143-discovery|player01-143-discovery
STATE:394:cc/cc/r19194f:8h2c|Ks6c/7cJd9c/Ah:-100|100:player01-143-discovery|player02-143-discovery
STATE:395:cc/cr10493f:4d6d|2h8s/KhJsJc:100|-100:player02-143-discovery|player01-143-discovery
STATE:396:cr17083f:3cQh|9dTc:-100|100:player01-143-discovery|player02-143-discovery
STATE:397:cc/cc/cr15485f:3cKd|7sQd/2h3sKc/9h:100|-100:player02-143-discovery|player01-143-discovery
STATE:398:cr14194f:Jh3c|QcAs:-100|100:player01-143-discovery|player02-143-discovery
STATE:399:r19315f:Ah8s|6cAs:100|-100:player02-143-discovery|player01-143-discovery
STATE:400:cc/r6474f:Qc8s|Jd9d/Qs9s2c:-100|100:player01-143-discovery|player02-143-discovery
STATE:401:r2997f:Ts8c|7d9d:100|-100:player02-143-discovery|player01-143-discovery
STATE:402:cc/cc/r1100f:Jd2c|2h6h/Jc2d4s/Tc:-100|100:player01-143-discovery|player02-143-discovery
STATE:403:cc/cr16374f:Qc9s|9dQd/2c9cTs:100|-100:player02-143-discovery|player01-143-discovery
STATE:404:cc/r3972f:2c6d|Kc5s/Qc4h2d:-100|100:player01-143-discovery|player02-143-discovery
STATE:405:r983f:2cJs|JcQh:100|-100:player02-143-discovery|player01-143-discovery
STATE:406:r300c/r9102f:As2s|QhKs/5h7sTd:-300|300:player01-143-discovery|player02-143-discovery
STATE:407:f:Qh4c|As5s:-50|50:player02-143-discovery|player01-143-discovery
STATE:408:cc/r13932f:QhTc|4cJs/ThKcAd:-100|100:player01-143-discovery|player02-143-discovery
STATE:409:cc/cr6687f:Ad7s|7d9s/9d9h4c:100|-100:player02-143-discovery|player01-143-discovery
STATE:410:r300c/r3785f:Jc9c|Tc5h/Kd8h3d:-300|300:player01-143-discovery|player02-143-discovery
STATE:411:r6311f:7h7s|QcTh:100|-100:player02-143-discovery|player01-143-discovery
STATE:412:r300c/r2673f:3dKc|As5c/3hKh9c:-300|300:player01-143-discovery|player02-143-discovery
STATE:413:cc/cr7510f:Js9c|3c7c/Kh4hQh:100|-100:player02-143-discovery|player01-143-discovery
STATE:414:cr6803f:9c5d|7c6d:-100|100:player01-143-discovery|player02-143-discovery
STATE:415:cc/cc/cc/cr19075f:Kc7c|3s3h/6cAs9h/7s/2d:100|-100:player02-143-discovery|player01-143-discovery
STATE:416:r300c/cc/cc/cc:5h7h|KdKc/4sTc3s/9h/6d:300|-300:player01-143-discovery|player02-143-discovery
STATE:417:cr300f:Js3h|9h8c:-100|100:player02-143-discovery|player01-143-discovery
STATE:418:cc/cc/cc/r18693f:6d5h|2d9c/Qh8s3s/Jh/4h:-100|100:player01-143-discovery|player02-143-discovery
STATE:419:r1153f:2s2d|3hJh:100|-100:player02-143-discovery|player01-143-discovery
STATE:420:r300r12244f:6h4h|Td6d:-300|300:player01-143-discovery|player02-143-discovery
STATE:421:r9710f:Jc5s|8c7h:100|-100:player02-143-discovery|player01-143-discovery
STATE:422:cc/cc/r923f:Qc3c|Qh2c/KcTcTs/7d:-100|100:player01-143-discovery|player02-143-discovery
STATE:423:r7844f:4d8d|5c5s:100|-100:player02-143-discovery|player01-143-discovery
STATE:424:r300c/r6177f:TsAh|8dTd/Jd3s5s:-300|300:player01-143-discovery|player02-143-discovery
STATE:425:cc/cc/cc/cc:8hTc|Ks4c/2sTd6h/Jd/7s:100|-100:player02-143-discovery|player01-143-discovery
STATE:426:r300r8371f:8h4h|Ts7d:-300|300:player01-143-discovery|player02-143-discovery
STATE:427:r5122f:JdKh|QcAc:100|-100:player02-143-discovery|player01-143-discovery
STATE:428:cc/r16723f:2d6h|5c6c/Ks6d5s:-100|100:player01-143-discovery|player02-143-discovery
STATE:429:cc/cc/cc/cc:As6c|AcTs/JhKcKs/3c/Th:-100|100:player02-143-discovery|player01-143-discovery
STATE:430:r300r4089f:6dKd|TsJd:-300|300:player01-143-discovery|player02-143-discovery
STATE:431:r1156f:2h5h|Qs3s:100|-100:player02-143-discovery|player01-143-discovery
STATE:432:r300c/cc/r13641f:8c8d|Kc3s/TcQdTd/2c:-300|300:player01-143-discovery|player02-143-discovery
STATE:433:cc/cc/cc/cr831f:8d4h|6s5d/7hTd8s/2s/4d:100|-100:player02-143-discovery|player01-143-discovery
STATE:434:cc/r7421f:9c4d|3d8h/7s7hKs:-100|100:player01-143-discovery|player02-143-discovery
STATE:435:r5281f:Jd8c|2sAc:100|-100:player02-143-discovery|player01-143-discovery
STATE:436:cc/cc/cc/cc:Ks5h|6hKh/Th5c9d/Jc/Jh:100|-100:player01-143-discovery|player02-143-discovery
STATE:437:cc/cr13748f:Js3s|2h7s/8d4s7c:100|-100:player02-143-discovery|player01-143-discovery
STATE:438:cr4032f:Qc8h|8c3h:-100|100:player01-143-discovery|player02-143-discovery
STATE:439:r18963f:AcAs|4s6c:100|-100:player02-143-discovery|player01-143-discovery
STATE:440:cr5474f:9hQh|4d3h:-100|100:player01-143-discovery|player02-143-discovery
STATE:441:cr300r2711f:2s2c|Th9h:300|-300:player02-143-discovery|player01-143-discovery
STATE:442:cc/r6183f:2dAd|5c9d/Qc5d6h:-100|100:player01-143-discovery|player02-143-discovery
STATE:443:r4471f:4h2d|7c9d:100|-100:player02-143-discovery|player01-143-discovery
STATE:444:cr9786f:7dJc|8c8s:-100|100:player01-143-discovery|player02-143-discovery
STATE:445:cc/cc/cc/cr17401f:JcTc|5hTh/Qd7h8s/8d/8c:100|-100:player02-143-discovery|player01-143-discovery
STATE:446:r300c/cc/r4253f:Th6s|7d3h/9hQc5c/3d:-300|300:player01-143-discovery|player02-143-discovery
STATE:447:r3157f:6cAc|Qd6s:100|-100:player02-143-discovery|player01-143-discovery
STATE:448:cr418f:2c5h|3s6c:-100|100:player01-143-discovery|player02-143-discovery
STATE:449:cc/cr5123f:JcAd|QhQs/Kd9c3c:100|-100:player02-143-discovery|player01-143-discovery
STATE:450:cr13067f:JdTs|Ad8s:-100|100:player01-143-discovery|player02-143-discovery
STATE:451:cc/cr19608f:Qd4c|3hJs/KhTs2d:100|-100:player02-143-discovery|player01-143-discovery
STATE:452:r300c/r3285f:2dTs|5s4s/AcQsJd:-300|300:player01-143-discovery|player02-143-discovery
STATE:453:r14735f:4s2h|Ks6d:100|-100:player02-143-discovery|player01-143-discovery
STATE:454:cc/cc/r15295f:4cAd|Qd2c/ThJdKc/2s:-100|100:player01-143-discovery|player02-143-discovery
STATE:455:cc/cc/cc/cr2713f:5dAd|AcQd/3d6h9c/6s/9s:100|-100:player02-143-discovery|player01-143-discovery
STATE:456:r300r14030f:Ts7h|ThAs:-300|300:player01-143-discovery|player02-143-discovery
STATE:457:cc/cr1234f:TsKd|JdAh/7hQs2s:100|-100:player02-143-discovery|player01-143-discovery
STATE:458:cr7550f:3h2d|7dQs:-100|100:player01-143-discovery|player02-143-discovery
STATE:459:r14606f:Js9h|Tc2h:100|-100:player02-143-discovery|player01-143-discovery
STATE:460:r300r13676f:3dKd|9sJd:-300|300:player01-143-discovery|player02-143-discovery
STATE:461:f:7s7d|AsQs:-50|50:player02-143-discovery|player01-143-discovery
STATE:462:cc/r5460f:QhJc|4cJs/2sJhKc:-100|100:player01-143-discovery|player02-143-discovery
STATE:463:r2958f:QsKs|2hKd:100|-100:player02-143-discovery|player01-143-discovery
STATE:464:r300c/r4527f:JdAh|4hQs/5d5s7h:-300|300:player01-143-discovery|player02-143-discovery
STATE:465:r565f:Ts6h|JsJc:100|-100:player02-143-discovery|player01-143-discovery
STATE:466:cr2138f:9cQh|KhJh:-100|100:player01-143-discovery|player02-143-discovery
STATE:467:r10792f:9c4c|Ks5c:100|-100:player02-143-discovery|player01-143-discovery
STATE:468:r300c/r18636f:Jc7d|8c6d/QdTc4c:-300|300:player01-143-discovery|player02-143-discovery
STATE:469:r715f:3s6c|Ts8d:100|-100:player02-143-discovery|player01-143-discovery
STATE:470:cc/r1547f:4c4d|9d6s/5cQhAd:-100|100:player01-143-discovery|player02-143-discovery
STATE:471:r10897f:Kh9h|8s7c:100|-100:player02-143-discovery|player01-143-discovery
STATE:472:r300r14987f:6sKs|3sKc:-300|300:player01-143-discovery|player02-143-discovery
STATE:473:r446f:AdQc|2s5d:100|-100:player02-143-discovery|player01-143-discovery
STATE:474:r300c/cc/cc/cc:4c3c|QhAh/6sKcJs/Qc/3s:-300|300:player01-143-discovery|player02-143-discovery
STATE:475:cc/cc/cc/cc:3d4c|Jh2s/KdAd5c/Th/9d:-100|100:player02-143-discovery|player01-143-discovery
STATE:476:cc/cc/cc/r12771f:4h3s|QcJc/Js9c7s/4s/3d:-100|100:player01-143-discovery|player02-143-discovery
STATE:477:r13516f:7h2d|9sJc:100|-100:player02-143-discovery|player01-143-discovery
STATE:478:cc/cc/cc/r11833f:9hJd|2cQd/5c8s7h/2s/Ad:-100|100:player01-143-discovery|player02-143-discovery
STATE:479:r17709f:Ad7c|Ks3c:100|-100:player02-143-discovery|player01-143-discovery
STATE:480:cr2862f:7d4s|6s5d:-100|100:player01-143-discovery|player02-143-discovery
STATE:481:f:Kd4c|Qs5c:-50|50:player02-143-discovery|player01-143-discovery
STATE:482:cr12588f:7s2s|7c8d:-100|100:player01-143-discovery|player02-143-discovery
STATE:483:r8202f:2d7d|4sTh:100|-100:player02-143-discovery|player01-143-discovery
STATE:484:r300c/r19419f:Tc2c|4hQd/4s4d7s:-300|300:player01-143-discovery|player02-143-discovery
STATE:485:r12184f:8sKs|8d3d:100|-100:player02-143-discovery|player01-143-discovery
STATE:486:r300c/r4174f:8s5c|4s8d/QdAh9d:-300|300:player01-143-discovery|player02-143-discovery
STATE:487:f:6cJs|3c3h:-50|50:player02-143-discovery|player01-143-discovery
STATE:488:cc/r11630f:QsJd|6s6c/8dKhKc:-100|100:player01-143-discovery|player02-143-discovery
STATE:489:r16492f:7s5d|3cQs:100|-100:player02-143-discovery|player01-143-discovery
STATE:490:cr13292f:Th3d|6sQc:-100|100:player01-143-discovery|player02-143-discovery
STATE:491:r2467f:ThJs|Jh6s:100|-100:player02-143-discovery|player01-143-discovery
STATE:492:cc/cc/r12728f:Th6h|3h2h/5hTc5c/Ks:-100|100:player01-143-discovery|player02-143-discovery
STATE:493:cc/cc/cr825f:AdTs|Qs7c/8dTh7s/5c:100|-100:player02-143-discovery|player01-143-discovery
STATE:494:r300c/cc/cc/cc:8hAh|6s7h/8dAc7c/6d/Jd:300|-300:player01-143-discovery|player02-143-discovery
STATE:495:cc/cr12380f:Td3d|6dQd/6cQcKs:100|-100:player02-143-discovery|player01-143-discovery
STATE:496:cc/r17898f:Ac8d|6h5s/Qd3hQh:-100|100:player01-143-discovery|player02-143-discovery
STATE:497:r16499f:JdAh|Kd9h:100|-100:player02-143-discovery|player01-143-discovery
STATE:498:r300r1393f:7cQd|4sQc:-300|300:player01-143-discovery|player02-143-discovery
STATE:499:f:4dJc|8hAd:-50|50:player02-143-discovery|player01-143-discovery
STATE:500:cc/cc/cc/r7974f:9sAc|2s8d/Qs6hQd/9c/7s:-100|100:player01-143-discovery|player02-143-discovery
STATE:501:r14060f:JsKh|Td2s:100|-100:player02-143-discovery|player01-143-discovery
STATE:502:r300c/cc/r998f:8sTs|Tc2s/3c6dQd/5s:-300|300:player01-143-discovery|player02-143-discovery
STATE:503:r15957f:8h5c|5dQh:100|-100:player02-143-discovery|player01-143-discovery
STATE:504:cr17329f:Qd8h|2hAs:-100|100:player01-143-discovery|player02-143-discovery
STATE:505:cc/cr13875f:9d6s|4hQd/5c4s8s:100|-100:player02-143-discovery|player01-143-discovery
STATE:506:r300r12212f:AcQh|Ks5h:-300|300:player01-143-discovery|player02-143-discovery
STATE:507:cc/cr18110f:As7d|Qs6d/Qd9s9d:100|-100:player02-143-discovery|player01-143-discovery
STATE:508:cc/r8328f:Jd6d|8cAd/9h3c2h:-100|100:player01-143-discovery|player02-143-discovery
STATE:509:r8585f:QdQh|9c3c:100|-100:player02-143-discovery|player01-143-discovery
STATE:510:cr9621f:4cKd|Td9c:-100|100:player01-143-discovery|player02-143-discovery
STATE:511:r2715f:Jd2d|8c5c:100|-100:player02-143-discovery|player01-143-discovery
STATE:512:r300c/cc/r12605f:KsAh|3d2c/Th8cTs/4c:-300|300:player01-143-discovery|player02-143-discovery
STATE:513:cc/cr4218f:Qh4s|4h5d/KhJhAs:100|-100:player02-143-discovery|player01-143-discovery
STATE:514:cc/cc/cc/cc:7h9c|2hQd/Ts6h6s/9h/3s:100|-100:player01-143-discovery|player02-143-discovery
STATE:515:r14172f:8h5c|5h9d:100|-100:player02-143-discovery|player01-143-discovery
STATE:516:cc/r14849f:Ah5c|5s2s/AsQdTd:-100|100:player01-143-discovery|player02-143-discovery
STATE:517:f:9c8c|ThKc:-50|50:player02-143-discovery|player01-143-discovery
STATE:518:cc/cc/r10930f:3h2c|3d4h/Jc8c7h/5s:-100|100:player01-143-discovery|player02-143-discovery
STATE:519:cc/cc/cr15732f:7d2s|4s3c/7sAd8c/Td:100|-100:player02-143-discovery|player01-143-discovery
STATE:520:r300c/cc/cc/cc:Ah2h|QhAc/Jd3d6s/Qd/Tc:-300|300:player01-143-discovery|player02-143-discovery
STATE:521:cc/cr2077f:3cTh|4sAh/5c3sJd:100|-100:player02-143-discovery|player01-143-discovery
STATE:522:r300c/cc/cc/cc:JhAs|3s9c/Ah5sKd/Jd/5h:300|-300:player01-143-discovery|player02-143-discovery
STATE:523:r5782f:KhJc|4s7s:100|-100:player02-143-discovery|player01-143-discovery
STATE:524:r300c/r16220f:6hTd|Ks3s/4dJs3d:-300|300:player01-143-discovery|player02-143-discovery
STATE:525:cc/cr13798f:3c2d|6d8h/JsAs7s:100|-100:player02-143-discovery|player01-143-discovery
STATE:526:r300c/r7748f:Td4s|6hQs/4dAc3s:-300|300:player01-143-discovery|player02-143-discovery
STATE:527:r13927f:5d6s|Qd6c:100|-100:player02-143-discovery|player01-143-discovery
STATE:528:cc/cc/cc/cc:8sTc|Ts8d/3h4sQh/4c/3d:0|0:player01-143-discovery|player02-143-discovery
STATE:529:cc/cc/cr3143f:4s7s|Ah8h/Ts2d6s/2h:100|-100:player02-143-discovery|player01-143-discovery
STATE:530:r300c/r8842f:5s7c|6cAh/8c9dJh:-300|300:player01-143-discovery|player02-143-discovery
STATE:531:r5072f:6c2c|3c4c:100|-100:player02-143-discovery|player01-143-discovery
STATE:532:cc/cc/cc/cc:3d7s|QhJs/5d2h5s/Qs/3s:-100|100:player01-143-discovery|player02-143-discovery
STATE:533:cc/cc/cr933f:3s4c|6h7h/Jd6c4h/7s:100|-100:player02-143-discovery|player01-143-discovery
STATE:534:r300r13220f:9sJs|3c2c:-300|300:player01-143-discovery|player02-143-discovery
STATE:535:cc/cr18679f:8s6h|6cTc/2s3h9h:100|-100:player02-143-discovery|player01-143-discovery
STATE:536:r300c/r8754f:9d7c|2d4s/8sTcJd:-300|300:player01-143-discovery|player02-143-discovery
STATE:537:cc/cr6506f:TsQh|Td4d/Qc3d9d:100|-100:player02-143-discovery|player01-143-discovery
STATE:538:r300c/cc/cc/r6439f:KhJd|5d8s/JcQs6s/Qd/Ac:-300|300:player01-143-discovery|player02-143-discovery
STATE:539:cc/cc/cr7744f:5s7c|3hTs/Jd2c6c/Ad:100|-100:player02-143-discovery|player01-143-discovery
STATE:540:cc/r12128f:Td7s|2s9h/6c5h7d:-100|100:player01-143-discovery|player02-143-discovery
STATE:541:r15939f:Tc2d|7hQc:100|-100:player02-143-discovery|player01-143-discovery
STATE:542:r300c/cc/r14860f:QdQh|4cTs/9h2s9s/7s:-300|300:player01-143-discovery|player02-143-discovery
STATE:543:f:Th4d|Qs9s:-50|50:player02-143-discovery|player01-143-discovery
STATE:544:r300c/cc/cc/r12714f:AsAd|KhJc/5h6s2h/8h/2d:-300|300:player01-143-discovery|player02-143-discovery
STATE:545:r10475f:2sQc|TcAh:100|-100:player02-143-discovery|player01-143-discovery
STATE:546:r300r3974f:QdKs|6sAc:-300|300:player01-143-discovery|player02-143-discovery
STATE:547:cc/cc/cr14622f:Qs6s|Kd7c/Jd3c5c/7h:100|-100:player02-143-discovery|player01-143-discovery
STATE:548:r300c/cc/cc/cc:Kc3c|2dJh/5c4h9h/8c/7c:300|-300:player01-143-discovery|player02-143-discovery
STATE:549:cc/cr10836f:7d4s|Kd7s/5sKs8c:100|-100:player02-143-discovery|player01-143-discovery
STATE:550:r300c/cc/r3101f:Jc4c|Kh3c/Qd9s8c/7d:-300|300:player01-143-discovery|player02-143-discovery
STATE:551:r10171f:7sKh|7d3d:100|-100:player02-143-discovery|player01-143-discovery
STATE:552:r300c/cc/cc/r5641f:8hJc|Jh7d/3d7cQd/4h/6d:-300|300:player01-143-discovery|player02-143-discovery
STATE:553:cr300r2942f:7hQs|Ts4s:300|-300:player02-143-discovery|player01-143-discovery
STATE:554:cc/cc/r10432f:QdJc|8c7s/ThTd6h/4s:-100|100:player01-143-discovery|player02-143-discovery
STATE:555:cc/cr19978f:AcQd|9sQc/Kh5cKs:100|-100:player02-143-discovery|player01-143-discovery
STATE:556:cr18898f:4dKc|5sJd:-100|100:player01-143-discovery|player02-143-discovery
STATE:557:cc/cc/cr16560f:6h7c|Qs3c/5s9dQh/8s:100|-100:player02-143-discovery|player01-143-discovery
STATE:558:cr7397f:Ah7c|Tc2c:-100|100:player01-143-discovery|player02-143-discovery
STATE:559:cc/cr17547f:AsJs|5d7c/5hJd6s:100|-100:player02-143-discovery|player01-143-discovery
STATE:560:cc/cc/r8615f:3h4d|TsQh/Ad6h5s/8h:-100|100:player01-143-discovery|player02-143-discovery
STATE:561:r11531f:7c2s|Qd6c:100|-100:player02-143-discovery|player01-143-discovery
STATE:562:cr2974f:As2h|5dKs:-100|100:player01-143-discovery|player02-143-discovery
STATE:563:r10176f:AsTs|Qs8d:100|-100:player02-143-discovery|player01-143-discovery
STATE:564:cr5643f:6d5d|TdKh:-100|100:player01-143-discovery|player02-143-discovery
STATE:565:cc/cr7980f:6h9h|5hJh/Jc6dQd:100|-100:player02-143-discovery|player01-143-discovery
STATE:566:r300r9289f:6d6s|2s5s:-300|300:player01-143-discovery|player02-143-discovery
STATE:567:r9675f:QsQc|8cJh:100|-100:player02-143-discovery|player01-143-discovery
STATE:568:cr1381f:2sJc|KdAd:-100|100:player01-143-discovery|player02-143-discovery
STATE:569:cc/cr18918f:8sKh|2h7s/6c4c3c:100|-100:player02-143-discovery|player01-143-discovery
STATE:570:cc/cc/r15035f:2c5d|Ks8s/2d9sJd/Js:-100|100:player01-143-discovery|player02-143-discovery
STATE:571:r1211f:2cQs|3cAs:100|-100:player02-143-discovery|player01-143-discovery
STATE:572:r300r10470f:9sAc|4sAd:-300|300:player01-143-discovery|player02-143-discovery
STATE:573:r14316f:QhTh|6sQs:100|-100:player02-143-discovery|player01-143-discovery
STATE:574:cr11301f:3hTh|QhQs:-100|100:player01-143-discovery|player02-143-discovery
STATE:575:r19211f:KdQd|6s8h:100|-100:player02-143-discovery|player01-143-discovery
STATE:576:r300r3193f:Qc4h|AsTs:-300|300:player01-143-discovery|player02-143-discovery
STATE:577:r14842f:6cJh|QdJd:100|-100:player02-143-discovery|player01-143-discovery
STATE:578:cr5139f:7c2h|3cKh:-100|100:player01-143-discovery|player02-143-discovery
STATE:579:r16819f:Jd2h|5d2d:100|-100:player02-143-discovery|player01-143-discovery
STATE:580:r300r5561f:Td7c|8h6d:-300|300:player01-143-discovery|player02-143-discovery
STATE:581:r11854f:2dTs|2c9c:100|-100:player02-143-discovery|player01-143-discovery
STATE:582:r300c/r8301f:AhKs|6cQh/4d6sTd:-300|300:player01-143-discovery|player02-143-discovery
STATE:583:cc/cr7535f:4s3s|6s6h/8d9dKc:100|-100:player02-143-discovery|player01-143-discovery
STATE:584:cr11046f:Td6d|2c7h:-100|100:player01-143-discovery|player02-143-discovery
STATE:585:cc/cr6639f:3c5d|As8h/4hJh4c:100|-100:player02-143-discovery|player01-143-discovery
STATE:586:cc/r19580f:2cAc|QsKh/Kd8s2h:-100|100:player01-143-discovery|player02-143-discovery
STATE:587:cc/cc/cr10017f:AsTd|Qh7d/KsTcQc/4c:100|-100:player02-143-discovery|player01-143-discovery
STATE:588:r300r12484f:QcAd|KsTs:-300|300:player01-143-discovery|player02-143-discovery
STATE:589:cc/cr18527f:4h5h|9s9d/4c4s2d:100|-100:player02-143-discovery|player01-143-discovery
STATE:590:r300r10783f:Qc5s|ThKh:-300|300:player01-143-discovery|player02-143-discovery
STATE:591:r3172f:7h3s|ThQh:100|-100:player02-143-discovery|player01-143-discovery
STATE:592:cr15825f:4d7s|AhAs:-100|100:player01-143-discovery|player02-143-discovery
STATE:593:cc/cr14847f:Td6d|Qs9s/5hJc5s:100|-100:player02-143-discovery|player01-143-discovery
STATE:594:cc/cc/r18687f:Kh4c|Kc9s/4dQs8h/2s:-100|100:player01-143-discovery|player02-143-discovery
STATE:595:r2369f:3dJd|9sKc:100|-100:player02-143-discovery|player01-143-discovery
STATE:596:cc/r9487f:9dJs|5s2d/6dAhKd:-100|100:player01-143-discovery|player02-143-discovery
STATE:597:cc/cr19335f:6h7s|5s7c/AdQsQd:100|-100:player02-143-discovery|player01-143-discovery
STATE:598:r300r17111f:Ks9h|Qd7s:-300|300:player01-143-discovery|player02-143-discovery
STATE:599:r12994f:4dAs|7c5c:100|-100:player02-143-discovery|player01-143-discovery
STATE:600:cc/cc/cc/cc:9cTs|5s6c/3h3dQs/5h/Jd:-100|100:player01-143-discovery|player02-143-discovery
STATE:601:cc/cr614f:5cKc|3sQh/6d8c8h:100|-100:player02-143-discovery|player01-143-discovery
STATE:602:r300r8750f:2cKh|JsQd:-300|300:player01-143-discovery|player02-143-discovery
STATE:603:r12854f:Jh4d|QdTd:100|-100:player02-143-discovery|player01-143-discovery
STATE:604:cc/r18039f:Ac4h|6dQc/7dJh8c:-100|100:player01-143-discovery|player02-143-discovery
STATE:605:f:2d8h|5d9s:-50|50:player02-143-discovery|player01-143-discovery
STATE:606:cr7735f:8sTh|4sQd:-100|100:player01-143-discovery|player02-143-discovery
STATE:607:cc/cr18615f:9s6h|2sTc/2d7hQs:100|-100:player02-143-discovery|player01-143-discovery
STATE:608:r300r1098f:Ad9h|2c6s:-300|300:player01-143-discovery|player02-143-discovery
STATE:609:cc/cc/cc/cc:KcQc|3dQd/Ac9d5s/2c/Jc:100|-100:player02-143-discovery|player01-143-discovery
STATE:610:r300c/cc/r9454f:JsJd|As3h/8s6dKc/Tc:-300|300:player01-143-discovery|player02-143-discovery
STATE:611:r9917f:ThAd|JhAh:100|-100:player02-143-discovery|player01-143-discovery
STATE:612:cc/r9447f:9c4s|3dQh/2h6c2d:-100|100:player01-143-discovery|player02-143-discovery
STATE:613:r10081f:3s4h|Ad9h:100|-100:player02-143-discovery|player01-143-discovery
STATE:614:cr17065f:Kd2h|9sQs:-100|100:player01-143-discovery|player02-143-discovery
STATE:615:r6168f:5h6h|3hKc:100|-100:player02-143-discovery|player01-143-discovery
STATE:616:r300c/cc/cc/r14041f:4h7h|2hTs/6dKc3d/3s/7s:-300|300:player01-143-discovery|player02-143-discovery
STATE:617:cc/cr18484f:2sTd|JcAc/3dTs4c:100|-100:player02-143-discovery|player01-143-discovery
STATE:618:cr14191f:4dAs|5hQh:-100|100:player01-143-discovery|player02-143-discovery
STATE:619:cc/cc/cr671f:QsJc|3h6d/6h2h4c/2s:100|-100:player02-143-discovery|player01-143-discovery
STATE:620:cr9006f:2dAd|9sTc:-100|100:player01-143-discovery|player02-143-discovery
STATE:621:cc/cr14617f:4h4d|2cKd/Td9h5s:100|-100:player02-143-discovery|player01-143-discovery
STATE:622:r300r9915f:8c4c|4s2d:-300|300:player01-143-discovery|player02-143-discovery
STATE:623:cc/cr18199f:Th9s|5sAd/Qc8cAs:100|-100:player02-143-discovery|player01-143-discovery
STATE:624:cr18277f:6sAc|2c9c:-100|100:player01-143-discovery|player02-143-discovery
STATE:625:r17399f:2h8d|4s6d:100|-100:player02-143-discovery|player01-143-discovery
STATE:626:cc/cc/cc/cc:7hJh|6dAc/4dThKc/5c/4c:-100|100:player01-143-discovery|player02-143-discovery
STATE:627:r5078f:KcTc|5h7c:100|-100:player02-143-discovery|player01-143-discovery
STATE:628:cr11169f:As5d|6hJc:-100|100:player01-143-discovery|player02-143-discovery
STATE:629:r16904f:3h4c|3dKd:100|-100:player02-143-discovery|player01-143-discovery
STATE:630:r300r13379f:KsAs|2c9s:-300|300:player01-143-discovery|player02-143-discovery
STATE:631:r3658f:7d7s|Tc3h:100|-100:player02-143-discovery|player01-143-discovery
STATE:632:r300r8664f:Td4s|AcQd:-300|300:player01-143-discovery|player02-143-discovery
STATE:633:cc/cc/cr8908f:Kc7d|Js3h/6h4sQc/6s:100|-100:player02-143-discovery|player01-143-discovery
STATE:634:r300r9026f:Th4s|8s4c:-300|300:player01-143-discovery|player02-143-discovery
STATE:635:r11389f:9d8s|7h8c:100|-100:player02-143-discovery|player01-143-discovery
STATE:636:r300c/cc/cc/cc:6d5h|5cAc/9s8cAs/4d/5d:-300|300:player01-143-discovery|player02-143-discovery
STATE:637:cc/cc/cc/cr17782f:7h3c|6dJs/4dJhTh/Qh/4s:100|-100:player02-143-discovery|player01-143-discovery
STATE:638:r300c/r4394f:AcTs|6cAh/4h9h8d:-300|300:player01-143-discovery|player02-143-discovery
STATE:639:r5106f:Qd4c|Th3d:100|-100:player02-143-discovery|player01-143-discovery
STATE:640:cc/cc/cc/cc:QsJd|4c3s/KsJs2d/Jc/3d:100|-100:player01-143-discovery|player02-143-discovery
STATE:641:r17141f:2cQs|9dTh:100|-100:player02-143-discovery|player01-143-discovery
STATE:642:r300r14401f:KsQs|2c6c:-300|300:player01-143-discovery|player02-143-discovery
STATE:643:cc/cr16370f:Kh6s|5hAh/Kd6d7c:100|-100:player02-143-discovery|player01-143-discovery
STATE:644:r300c/r9169f:6dJh|7sKs/2h7d6h:-300|300:player01-143-discovery|player02-143-discovery
STATE:645:r4258f:Jh4d|Ah8c:100|-100:player02-143-discovery|player01-143-discovery
STATE:646:cr9676f:Kc6h|9c2s:-100|100:player01-143-discovery|player02-143-discovery
STATE:647:r9555f:TdQs|JsAs:100|-100:player02-143-discovery|player01-143-discovery
STATE:648:cc/cc/cc/r11427f:Tc7h|7c9s/6sKhQc/Js/5s:-100|100:player01-143-discovery|player02-143-discovery
STATE:649:cc/cr11324f:4sKd|3dKc/Js7d6c:100|-100:player02-143-discovery|player01-143-discovery
STATE:650:cr12314f:4s8d|6c8c:-100|100:player01-143-discovery|player02-143-discovery
STATE:651:cr300c/cr3422f:3h2d|6d5d/6s8cKh:300|-300:player02-143-discovery|player01-143-discovery
STATE:652:r300c/cc/r9963f:5c4d|7h4c/ThQcKc/6d:-300|300:player01-143-discovery|player02-143-discovery
STATE:653:cc/cr18360f:Kd2c|3h7h/3c8cKs:100|-100:player02-143-discovery|player01-143-discovery
STATE:654:cr12728f:4cQc|TsKs:-100|100:player01-143-discovery|player02-143-discovery
STATE:655:r409f:6d5d|8cKc:100|-100:player02-143-discovery|player01-143-discovery
STATE:656:r300c/r2606f:Jd6d|7hJc/Qs9hAc:-300|300:player01-143-discovery|player02-143-discovery
STATE:657:cc/cr10957f:4h9c|2dKs/8dQd5s:100|-100:player02-143-discovery|player01-143-discovery
STATE:658:cc/cc/r510f:7s2c|4d9c/3s8sTh/4s:-100|100:player01-143-discovery|player02-143-discovery
STATE:659:f:Kh8h|8dQh:-50|50:player02-143-discovery|player01-143-discovery
STATE:660:cc/r18603f:Ad2h|8dJs/7h7sKh:-100|100:player01-143-discovery|player02-143-discovery
STATE:661:cc/cc/cc/cc:Kc8h|Th3s/Jd9h5s/Jc/5d:100|-100:player02-143-discovery|player01-143-discovery
STATE:662:cr10641f:4d8d|Qc9c:-100|100:player01-143-discovery|player02-143-discovery
STATE:663:r6660f:Th3d|5h4d:100|-100:player02-143-discovery|player01-143-discovery
STATE:664:cr551f:Qh3d|9c2s:-100|100:player01-143-discovery|player02-143-discovery
STATE:665:cc/cr12689f:6dJs|7dKs/9s6h8s:100|-100:player02-143-discovery|player01-143-discovery
STATE:666:r300c/cc/r8287f:9sQs|QcAh/9hKd7h/3d:-300|300:player01-143-discovery|player02-143-discovery
STATE:667:r17294f:QsTh|Js6h:100|-100:player02-143-discovery|player01-143-discovery
STATE:668:r300r13276f:Ah8h|AcQd:-300|300:player01-143-discovery|player02-143-discovery
STATE:669:r7766f:3c3d|3h6s:100|-100:player02-143-discovery|player01-143-discovery
STATE:670:cr9862f:9cTd|KcKs:-100|100:player01-143-discovery|player02-143-discovery
STATE:671:cr300r5467f:Ac5s|AdTd:300|-300:player02-143-discovery|player01-143-discovery
STATE:672:cr5464f:9h2s|7dKs:-100|100:player01-143-discovery|player02-143-discovery
STATE:673:cc/cc/cc/cr9561f:3hQs|2d4h/2cAs5c/6s/Qh:100|-100:player02-143-discovery|player01-143-discovery
STATE:674:r300r10822f:AhAc|7hAd:-300|300:player01-143-discovery|player02-143-discovery
STATE:675:cc/cr14369f:Tc2c|8h8s/9s5h6d:100|-100:player02-143-discovery|player01-143-discovery
STATE:676:cc/cc/cc/cc:2h6c|4dJs/AhKh8d/Ac/8h:0|0:player01-143-discovery|player02-143-discovery
STATE:677:cc/cc/cc/cc:Qh5h|JsKh/Ah2dJc/2s/3c:-100|100:player02-143-discovery|player01-143-discovery
STATE:678:r300r1997f:JcKs|As3s:-300|300:player01-143-discovery|player02-143-discovery
STATE:679:r6195f:8s5h|3c5c:100|-100:player02-143-discovery|player01-143-discovery
STATE:680:r300r15312f:2dQc|5dTc:-300|300:player01-143-discovery|player02-143-discovery
STATE:681:cc/cc/cr16385f:5d3s|7cQd/2sTcJd/Qc:100|-100:player02-143-discovery|player01-143-discovery
STATE:682:r300r4306f:Ks5s|2cKd:-300|300:player01-143-discovery|player02-143-discovery
STATE:683:r17543f:3d4d|9s7c:100|-100:player02-143-discovery|player01-143-discovery
STATE:684:cc/r12702f:9sKh|Jc4s/4dKc5h:-100|100:player01-143-discovery|player02-143-discovery
STATE:685:cc/cc/cr11751f:KsJs|8hAh/Ad7hTh/Jd:100|-100:player02-143-discovery|player01-143-discovery
STATE:686:cc/r10303f:Ks8c|Qh9c/4dAs5c:-100|100:player01-143-discovery|player02-143-discovery
STATE:687:cr300r16656f:Ts3h|JdQd:300|-300:player02-143-discovery|player01-143-discovery
STATE:688:r300r5835f:JcAc|8s6d:-300|300:player01-143-discovery|player02-143-discovery
STATE:689:cc/cr7912f:Qd4s|6s8d/2dAsAh:100|-100:player02-143-discovery|player01-143-discovery
STATE:690:r300f:AsTd|6d5d:100|-100:player01-143-discovery|player02-143-discovery
STATE:691:cc/cr17334f:4dTs|AdKh/6h8h6c:100|-100:player02-143-discovery|player01-143-discovery
STATE:692:cc/r3290f:7s8c|8d5h/2hKsQc:-100|100:player01-143-discovery|player02-143-discovery
STATE:693:cc/cr15190f:Ad6c|Kc4c/8cJd3s:100|-100:player02-143-discovery|player01-143-discovery
STATE:694:cr16000f:7h3c|9dTd:-100|100:player01-143-discovery|player02-143-discovery
STATE:695:r14722f:Jd5h|8dTs:100|-100:player02-143-discovery|player01-143-discovery
STATE:696:r300c/cc/cc/cc:JcKh|Ts7d/8h9c8s/2d/Th:-300|300:player01-143-discovery|player02-143-discovery
STATE:697:cc/cc/cr8568f:5d4c|4s3d/6cTcQh/8s:100|-100:player02-143-discovery|player01-143-discovery
STATE:698:cr11035f:2d6d|ThKd:-100|100:player01-143-discovery|player02-143-discovery
STATE:699:r373f:As4d|8c2h:100|-100:player02-143-discovery|player01-143-discovery
STATE:700:cc/cc/cc/r16732f:3hTc|Kc7c/9h7d9c/Qh/Qs:-100|100:player01-143-discovery|player02-143-discovery
STATE:701:r3069f:8s9s|7h9c:100|-100:player02-143-discovery|player01-143-discovery
STATE:702:cr6635f:3sJs|Ah6d:-100|100:player01-143-discovery|player02-143-discovery
STATE:703:cc/cc/cc/cr14422f:Th7h|3h5s/6c2cTd/6s/Ac:100|-100:player02-143-discovery|player01-143-discovery
STATE:704:cc/r10186f:7d4h|3sQd/8hKsAc:-100|100:player01-143-discovery|player02-143-discovery
STATE:705:r590f:3d4d|7h9s:100|-100:player02-143-discovery|player01-143-discovery
STATE:706:cc/r915f:6c4s|9d3h/TdKd5d:-100|100:player01-143-discovery|player02-143-discovery
STATE:707:cc/cr6947f:2c2h|6s5c/4c9s7s:100|-100:player02-143-discovery|player01-143-discovery
STATE:708:r300c/cc/cc/cc:KsJd|2hQd/3h7h6c/3c/3s:300|-300:player01-143-discovery|player02-143-discovery
STATE:709:cc/cr1929f:KdTd|7hQs/QcTc9c:100|-100:player02-143-discovery|player01-143-discovery
STATE:710:cc/r16948f:Js2s|AdKd/5h6d5s:-100|100:player01-143-discovery|player02-143-discovery
STATE:711:r16072f:QsKc|8d5h:100|-100:player02-143-discovery|player01-143-discovery
STATE:712:cr3473f:KdJd|8hJh:-100|100:player01-143-discovery|player02-143-discovery
STATE:713:r4900f:2h4h|8hJs:100|-100:player02-143-discovery|player01-143-discovery
STATE:714:cc/cc/r3359f:2hTc|9c3s/8dTh9d/4d:-100|100:player01-143-discovery|player02-143-discovery
STATE:715:r7259f:TdAc|Ad3s:100|-100:player02-143-discovery|player01-143-discovery
STATE:716:r300r6630f:8s9h|4sQs:-300|300:player01-143-discovery|player02-143-discovery
STATE:717:r11969f:Js9c|3d6d:100|-100:player02-143-discovery|player01-143-discovery
STATE:718:cc/cc/r15927f:6sAd|7d9h/Jd3s5c/Th:-100|100:player01-143-discovery|player02-143-discovery
STATE:719:r12764f:8cTs|6h6c:100|-100:player02-143-discovery|player01-143-discovery
STATE:720:cc/cc/cc/cc:7cAs|5sQc/Th2h6d/Ad/Qs:100|-100:player01-143-discovery|player02-143-discovery
STATE:721:r13916f:As4d|6h9h:100|-100:player02-143-discovery|player01-143-discovery
STATE:722:cc/r9069f:2s4h|3hJc/8s3dTd:-100|100:player01-143-discovery|player02-143-discovery
STATE:723:cc/cr13630f:Ah8h|2c3s/4dTc7h:100|-100:player02-143-discovery|player01-143-discovery
STATE:724:cc/cc/cc/cc:Kd5h|QsTd/5d7hJs/2s/Jh:100|-100:player01-143-discovery|player02-143-discovery
STATE:725:r8423f:Ks6d|3c4h:100|-100:player02-143-discovery|player01-143-discovery
STATE:726:r300r12989f:KdTs|4hTh:-300|300:player01-143-discovery|player02-143-discovery
STATE:727:cc/cr12749f:As9s|6dTh/2c5sTc:100|-100:player02-143-discovery|player01-143-discovery
STATE:728:r300r4359f:Tc6d|9hQc:-300|300:player01-143-discovery|player02-143-discovery
STATE:729:cc/cr4136f:Ks6d|8c4d/2d8d3h:100|-100:player02-143-discovery|player01-143-discovery
STATE:730:r300r18611f:Ah3c|8dKs:-300|300:player01-143-discovery|player02-143-discovery
STATE:731:r15687f:3sTh|Ts8h:100|-100:player02-143-discovery|player01-143-discovery
STATE:732:cr10409f:Qc8h|4s6s:-100|100:player01-143-discovery|player02-143-discovery
STATE:733:cc/cc/cc/cc:3s4d|4cQs/Ah8cQh/Js/Kh:-100|100:player02-143-discovery|player01-143-discovery
STATE:734:r300r10929f:Kc3h|2s9c:-300|300:player01-143-discovery|player02-143-discovery
STATE:735:r13506f:7d4s|QhKc:100|-100:player02-143-discovery|player01-143-discovery
STATE:736:cc/cc/r3546f:JcKc|4s3c/2d4c3h/Qs:-100|100:player01-143-discovery|player02-143-discovery
STATE:737:cc/cc/cr2748f:6d3d|2c7c/2dQdKh/2h:100|-100:player02-143-discovery|player01-143-discovery
STATE:738:cr5339f:TcJs|7d9s:-100|100:player01-143-discovery|player02-143-discovery
STATE:739:cc/cc/cc/cr6829f:AhQc|8hKd/9s7c7s/2h/5d:100|-100:player02-143-discovery|player01-143-discovery
STATE:740:r300c/r4198f:KsTd|7h8c/Jc3d5d:-300|300:player01-143-discovery|player02-143-discovery
STATE:741:f:3h2h|2c7d:-50|50:player02-143-discovery|player01-143-discovery
STATE:742:r300r10874f:5hTd|Th8d:-300|300:player01-143-discovery|player02-143-discovery
STATE:743:r4628f:2hJd|Td4h:100|-100:player02-143-discovery|player01-143-discovery
STATE:744:cc/r6601f:6sJs|5h3d/4dJh2s:-100|100:player01-143-discovery|player02-143-discovery
STATE:745:cc/cc/cr10694f:JcTc|5cJd/9h3d3c/7s:100|-100:player02-143-discovery|player01-143-discovery
STATE:746:r300r12546f:Jh8h|QdAd:-300|300:player01-143-discovery|player02-143-discovery
STATE:747:r3666f:Ks3c|5s9h:100|-100:player02-143-discovery|player01-143-discovery
STATE:748:cc/r11057f:AdAs|9hTc/Kc6cQh:-100|100:player01-143-discovery|player02-143-discovery
STATE:749:r7770f:8dAs|5h7c:100|-100:player02-143-discovery|player01-143-discovery
STATE:750:r300c/r10812f:5sKs|Qh7d/5h5d7h:-300|300:player01-143-discovery|player02-143-discovery
STATE:751:r19477f:9d2c|TsJd:100|-100:player02-143-discovery|player01-143-discovery
STATE:752:r300r8016f:Kc8h|Ts4s:-300|300:player01-143-discovery|player02-143-discovery
STATE:753:r1454f:8hTd|Ts3s:100|-100:player02-143-discovery|player01-143-discovery
STATE:754:cc/cc/cc/cc:3h3d|Qc8h/2d9c9s/6c/7s:100|-100:player01-143-discovery|player02-143-discovery
STATE:755:cr300f:3dTs|As8s:-100|100:player02-143-discovery|player01-143-discovery
STATE:756:r300c/cc/r10348f:QsTd|3dTs/Qc3hTc/Kh:-300|300:player01-143-discovery|player02-143-discovery
STATE:757:r16144f:3c4h|9d2d:100|-100:player02-143-discovery|player01-143-discovery
STATE:758:cc/r6723f:5sQc|4cKh/2dKd7d:-100|100:player01-143-discovery|player02-143-discovery
STATE:759:r10254f:3h2s|9h5h:100|-100:player02-143-discovery|player01-143-discovery
STATE:760:cr10197f:Ts7d|Th2d:-100|100:player01-143-discovery|player02-143-discovery
STATE:761:cc/cr7982f:9h9s|6s2c/Qc4s8d:100|-100:player02-143-discovery|player01-143-discovery
STATE:762:cc/cc/r5003f:7c5c|JdQd/Js5s3d/Td:-100|100:player01-143-discovery|player02-143-discovery
STATE:763:r16596f:TdJh|6s2h:100|-100:player02-143-discovery|player01-143-discovery
STATE:764:r300f:2sQs|2hKs:100|-100:player01-143-discovery|player02-143-discovery
STATE:765:cc/cc/cr16391f:Ac5d|Ad8h/8s9h9s/5h:100|-100:player02-143-discovery|player01-143-discovery
STATE:766:cc/cc/r14140f:4s8h|JhTd/9s6s3s/3c:-100|100:player01-143-discovery|player02-143-discovery
STATE:767:r13116f:4sKs|3hTh:100|-100:player02-143-discovery|player01-143-discovery
STATE:768:r300r8608f:Tc9c|Qh7h:-300|300:player01-143-discovery|player02-143-discovery
STATE:769:cc/cr5787f:7h7d|9cQd/2h3c4d:100|-100:player02-143-discovery|player01-143-discovery
STATE:770:r300f:Ac8c|7dQc:100|-100:player01-143-discovery|player02-143-discovery
STATE:771:r4240f:Ts8d|3cTc:100|-100:player02-143-discovery|player01-143-discovery
STATE:772:r300r18584f:6h9c|Tc2h:-300|300:player01-143-discovery|player02-143-discovery
STATE:773:cc/cc/cc/cc:5s6c|8dJh/2c5dJs/5h/Qh:100|-100:player02-143-discovery|player01-143-discovery
STATE:774:cc/r17461f:9c5c|7cTh/8h6cAs:-100|100:player01-143-discovery|player02-143-discovery
STATE:775:r5573f:6hAs|KcAh:100|-100:player02-143-discovery|player01-143-discovery
STATE:776:cr8476f:6d5h|9s7c:-100|100:player01-143-discovery|player02-143-discovery
STATE:777:f:2s9d|3hKd:-50|50:player02-143-discovery|player01-143-discovery
STATE:778:r300c/cc/cc/r5596f:Qd4c|Kh6d/6sAh5h/3s/6c:-300|300:player01-143-discovery|player02-143-discovery
STATE:779:cc/cc/cr1895f:8s3d|6s8h/Jd6cAd/6d:100|-100:player02-143-discovery|player01-143-discovery
STATE:780:cr19063f:4sAc|3dTd:-100|100:player01-143-discovery|player02-143-discovery
STATE:781:r2807f:KhJh|9d7d:100|-100:player02-143-discovery|player01-143-discovery
STATE:782:cc/cc/r3697f:9c4c|7cAh/9sKsAs/Jd:-100|100:player01-143-discovery|player02-143-discovery
STATE:783:cc/cr12184f:Qd7c|6c4h/6d8d6h:100|-100:player02-143-discovery|player01-143-discovery
STATE:784:cc/cc/cc/cc:2cKc|TcQh/9d7c6s/2d/6h:100|-100:player01-143-discovery|player02-143-discovery
STATE:785:r10267f:5d4d|4cAh:100|-100:player02-143-discovery|player01-143-discovery
STATE:786:cc/r276f:Jh9c|2s2h/5h7h5c:-100|100:player01-143-discovery|player02-143-discovery
STATE:787:r16745f:5c2s|4h9d:100|-100:player02-143-discovery|player01-143-discovery
STATE:788:r300c/r19331f:Td5d|5c3s/Qc9d7c:-300|300:player01-143-discovery|player02-143-discovery
STATE:789:cc/cc/cr8325f:TsAd|Kd7c/5sKs8s/4h:100|-100:player02-143-discovery|player01-143-discovery
STATE:790:cc/r3754f:8s6h|JsQd/TcTd7h:-100|100:player01-143-discovery|player02-143-discovery
STATE:791:f:6s7c|3hKc:-50|50:player02-143-discovery|player01-143-discovery
STATE:792:cc/cc/r13145f:3dQs|5s9s/4cAsAh/Qd:-100|100:player01-143-discovery|player02-143-discovery
STATE:793:r8501f:6c6s|9d9h:100|-100:player02-143-discovery|player01-143-discovery
STATE:794:r300r11026f:AhJc|AdTh:-300|300:player01-143-discovery|player02-143-discovery
STATE:795:r18611f:8c3c|6cTs:100|-100:player02-143-discovery|player01-143-discovery
STATE:796:r300r8069f:9dAs|3h8s:-300|300:player01-143-discovery|player02-143-discovery
STATE:797:cc/cc/cr8423f:Jh7d|KhTh/6d5sTd/Ac:100|-100:player02-143-discovery|player01-143-discovery
STATE:798:cc/r775f:3h6d|3sKc/8cAs9d:-100|100:player01-143-discovery|player02-143-discovery
STATE:799:r3824f:5s8c|2dQc:100|-100:player02-143-discovery|player01-143-discovery
STATE:800:cc/r10998f:5d4d|Ts4c/JsJhQd:-100|100:player01-143-discovery|player02-143-discovery
STATE:801:r6295f:8sJs|7sQd:100|-100:player02-143-discovery|player01-143-discovery
STATE:802:r300r16758f:JhAd|4cKd:-300|300:player01-143-discovery|player02-143-discovery
STATE:803:cc/cc/cr13280f:5c3d|6sAd/7sJs6h/Qh:100|-100:player02-143-discovery|player01-143-discovery
STATE:804:cr7072f:4d4s|Jc9s:-100|100:player01-143-discovery|player02-143-discovery
STATE:805:cc/cc/cc/cr12899f:3hQc|2h3c/JcAcKh/8d/3d:100|-100:player02-143-discovery|player01-143-discovery
STATE:806:r300c/r3652f:Kd2d|4h3c/Qc7c7d:-300|300:player01-143-discovery|player02-143-discovery
STATE:807:r10332f:8s9s|2dAh:100|-100:player02-143-discovery|player01-143-discovery
STATE:808:cr14618f:Kc4s|7h6d:-100|100:player01-143-discovery|player02-143-discovery
STATE:809:cc/cc/cr10554f:2s7h|QdAs/8d6cTh/7d:100|-100:player02-143-discovery|player01-143-discovery
STATE:810:r300c/r14251f:TcKs|9sTs/Th4dQc:-300|300:player01-143-discovery|player02-143-discovery
STATE:811:cc/cr19506f:Kh3s|4s7d/4hAd4d:100|-100:player02-143-discovery|player01-143-discovery
STATE:812:r300r4881f:9d2d|Qd9s:-300|300:player01-143-discovery|player02-143-discovery
STATE:813:cc/cr1018f:9c7h|KhQd/8cQs4h:100|-100:player02-143-discovery|player01-143-discovery
STATE:814:cc/r3015f:Ad7h|7c3c/8dTsTh:-100|100:player01-143-discovery|player02-143-discovery
STATE:815:r2805f:6cQh|ThJh:100|-100:player02-143-discovery|player01-143-discovery
STATE:816:cr10576f:ThQc|9hTd:-100|100:player01-143-discovery|player02-143-discovery
STATE:817:cc/cc/cr2115f:5s8c|7c9c/Qd2cAd/Td:100|-100:player02-143-discovery|player01-143-discovery
STATE:818:cr4160f:TcKh|5cJd:-100|100:player01-143-discovery|player02-143-discovery
STATE:819:r2608f:9sTc|Jc7d:100|-100:player02-143-discovery|player01-143-discovery
STATE:820:cr5607f:8hJd|9h5c:-100|100:player01-143-discovery|player02-143-discovery
STATE:821:cc/cr15068f:2c9c|Tc2d/3c4hKd:100|-100:player02-143-discovery|player01-143-discovery
STATE:822:r300r3541f:Ts5d|KcKs:-300|300:player01-143-discovery|player02-143-discovery
STATE:823:cr300r13040f:KdJs|9hJd:300|-300:player02-143-discovery|player01-143-discovery
STATE:824:cc/r9500f:AsQs|6hKc/Tc2sAc:-100|100:player01-143-discovery|player02-143-discovery
STATE:825:r9617f:Jh5c|KcKd:100|-100:player02-143-discovery|player01-143-discovery
STATE:826:cr14739f:Kh5s|7s8d:-100|100:player01-143-discovery|player02-143-discovery
STATE:827:r14153f:Ac3s|6cTd:100|-100:player02-143-discovery|player01-143-discovery
STATE:828:cc/r12858f:Qs3h|2hAc/8h6s4c:-100|100:player01-143-discovery|player02-143-discovery
STATE:829:r18759f:8s4h|8dTs:100|-100:player02-143-discovery|player01-143-discovery
STATE:830:cr9318f:2d5c|JdQh:-100|100:player01-143-discovery|player02-143-discovery
STATE:831:r7913f:Td9s|Qh2h:100|-100:player02-143-discovery|player01-143-discovery
STATE:832:cr9399f:Jd6s|9hJs:-100|100:player01-143-discovery|player02-143-discovery
STATE:833:r16363f:3c2s|Jh6c:100|-100:player02-143-discovery|player01-143-discovery
STATE:834:r300c/cc/cc/r4886f:AsKh|Jc6s/2hTsAc/2s/Qs:-300|300:player01-143-discovery|player02-143-discovery
STATE:835:cc/cc/cc/cr11498f:Kh3c|7sTd/KdQh2c/8s/4h:100|-100:player02-143-discovery|player01-143-discovery
STATE:836:r300c/r7529f:7sAs|7dKh/6cKd8d:-300|300:player01-143-discovery|player02-143-discovery
STATE:837:cc/cr15121f:Kh2c|6d3d/Qd9dTh:100|-100:player02-143-discovery|player01-143-discovery
STATE:838:cc/r2356f:7c7h|4cTd/Kc6h2s:-100|100:player01-143-discovery|player02-143-discovery
STATE:839:r7651f:9c2d|7d2c:100|-100:player02-143-discovery|player01-143-discovery
STATE:840:r300r13105f:AhQh|KsTh:-300|300:player01-143-discovery|player02-143-discovery
STATE:841:cc/cr16201f:KcQc|7h6d/Qh9cJh:100|-100:player02-143-discovery|player01-143-discovery
STATE:842:r300c/cc/cc/r12571f:ThKh|TcKd/Js5hQh/Ts/2s:-300|300:player01-143-discovery|player02-143-discovery
STATE:843:r17344f:8s4d|3s9h:100|-100:player02-143-discovery|player01-143-discovery
STATE:844:r300c/cc/cc/cc:6s6c|9c7s/9sAsTd/Qc/3c:-300|300:player01-143-discovery|player02-143-discovery
STATE:845:cc/cr16124f:8c5s|8hJs/6s4s9c:100|-100:player02-143-discovery|player01-143-discovery
STATE:846:cr8407f:3c8c|9s4h:-100|100:player01-143-discovery|player02-143-discovery
STATE:847:f:AcKh|Ad7d:-50|50:player02-143-discovery|player01-143-discovery
STATE:848:r300r11059f:QhQs|6c9s:-300|300:player01-143-discovery|player02-143-discovery
STATE:849:cc/cr5808f:2d6d|8d5d/4hKs7c:100|-100:player02-143-discovery|player01-143-discovery
STATE:850:cc/cc/cc/cc:Qh3s|5c3c/9cKc4s/5s/Th:-100|100:player01-143-discovery|player02-143-discovery
STATE:851:r13743f:3h5h|4s9h:100|-100:player02-143-discovery|player01-143-discovery
STATE:852:r300r10452f:2sAs|Kc7s:-300|300:player01-143-discovery|player02-143-discovery
STATE:853:r18313f:3s4c|ThTs:100|-100:player02-143-discovery|player01-143-discovery
STATE:854:cr18009f:Ad7c|Js9d:-100|100:player01-143-discovery|player02-143-discovery
STATE:855:cc/cc/cc/cr7405f:AhKs|Js8c/Kc4d7c/9d/Td:100|-100:player02-143-discovery|player01-143-discovery
STATE:856:r300r15962f:9h6c|Kd4h:-300|300:player01-143-discovery|player02-143-discovery
STATE:857:cc/cr11689f:7sAs|Qs5s/3h5dTc:100|-100:player02-143-discovery|player01-143-discovery
STATE:858:cc/cc/r13446f:7cKd|AhQc/8hKh2s/6s:-100|100:player01-143-discovery|player02-143-discovery
STATE:859:r3217f:6h7h|6d4d:100|-100:player02-143-discovery|player01-143-discovery
STATE:860:cr18794f:4h3c|As8s:-100|100:player01-143-discovery|player02-143-discovery
STATE:861:cc/cc/cc/cr17517f:3d9s|Tc5c/Jh2s2d/Kc/7c:100|-100:player02-143-discovery|player01-143-discovery
STATE:862:r300c/cc/cc/r19966f:6s8s|2h9d/3d7cQd/9s/Th:-300|300:player01-143-discovery|player02-143-discovery
STATE:863:r11699f:9s3s|3dTh:100|-100:player02-143-discovery|player01-143-discovery
STATE:864:r300c/cc/r18486f:6hTc|4s6s/5hQs3h/Kc:-300|300:player01-143-discovery|player02-143-discovery
STATE:865:cc/cr11973f:7h4h|Ts7s/JhKd4c:100|-100:player02-143-discovery|player01-143-discovery
STATE:866:cc/r15001f:Tc3s|KcAs/9s6dAd:-100|100:player01-143-discovery|player02-143-discovery
STATE:867:r6164f:4c6s|8hKc:100|-100:player02-143-discovery|player01-143-discovery
STATE:868:r300r11080f:7hQc|AcQh:-300|300:player01-143-discovery|player02-143-discovery
STATE:869:cc/cc/cr15064f:8cTc|3cTs/8h8sAh/5d:100|-100:player02-143-discovery|player01-143-discovery
STATE:870:cr9069f:As8d|Qc8s:-100|100:player01-143-discovery|player02-143-discovery
STATE:871:cc/cr2241f:Kd6h|Qc8h/5s4h6d:100|-100:player02-143-discovery|player01-143-discovery
STATE:872:r300r9050f:9s8d|Jd7d:-300|300:player01-143-discovery|player02-143-discovery
STATE:873:r15843f:2s6c|Ts2d:100|-100:player02-143-discovery|player01-143-discovery
STATE:874:cr2578f:Js9c|Th3d:-100|100:player01-143-discovery|player02-143-discovery
STATE:875:r5774f:7d5d|6dJc:100|-100:player02-143-discovery|player01-143-discovery
STATE:876:r300r2232f:7d8d|4h2s:-300|300:player01-143-discovery|player02-143-discovery
STATE:877:r14637f:6sQc|QsJc:100|-100:player02-143-discovery|player01-143-discovery
STATE:878:r300r5746f:6s5c|9cTc:-300|300:player01-143-discovery|player02-143-discovery
STATE:879:r8286f:7cJh|ThQh:100|-100:player02-143-discovery|player01-143-discovery
STATE:880:cr12976f:4cJh|8c9d:-100|100:player01-143-discovery|player02-143-discovery
STATE:881:r11310f:8cAd|6dJd:100|-100:player02-143-discovery|player01-143-discovery
STATE:882:cc/cc/cc/r1325f:6hKd|5dTc/Qs9s8c/As/Ac:-100|100:player01-143-discovery|player02-143-discovery
STATE:883:f:Kc4c|4d5d:-50|50:player02-143-discovery|player01-143-discovery
STATE:884:cr1362f:Qh9d|6h3s:-100|100:player01-143-discovery|player02-143-discovery
STATE:885:r8296f:4h2c|8d9s:100|-100:player02-143-discovery|player01-143-discovery
STATE:886:cc/cc/r18076f:QcTd|Qs7c/4c5h6c/5d:-100|100:player01-143-discovery|player02-143-discovery
STATE:887:f:KhKd|Ah4s:-50|50:player02-143-discovery|player01-143-discovery
STATE:888:cc/r9756f:2c7c|5hJd/3s3c7s:-100|100:player01-143-discovery|player02-143-discovery
STATE:889:cc/cr12169f:KdQd|Kc4s/9hAs4d:100|-100:player02-143-discovery|player01-143-discovery
STATE:890:cr8451f:8d5c|3cKc:-100|100:player01-143-discovery|player02-143-discovery
STATE:891:cc/cr12806f:3c6s|3d9h/9dQd2s:100|-100:player02-143-discovery|player01-143-discovery
STATE:892:cr15593f:3h5s|8d9s:-100|100:player01-143-discovery|player02-143-discovery
STATE:893:r17846f:2sAs|6h8h:100|-100:player02-143-discovery|player01-143-discovery
STATE:894:cc/r2520f:2cJh|7c6d/3h5dTd:-100|100:player01-143-discovery|player02-143-discovery
STATE:895:r17086f:QsTd|6d8d:100|-100:player02-143-discovery|player01-143-discovery
STATE:896:cc/cc/r14686f:9sKd|7cAc/9h4sTc/6c:-100|100:player01-143-discovery|player02-143-discovery
STATE:897:r14602f:Jh3c|4s8c:100|-100:player02-143-discovery|player01-143-discovery
STATE:898:cc/r9904f:9s2c|Ah7h/5hTd4h:-100|100:player01-143-discovery|player02-143-discovery
STATE:899:cc/cr13431f:7s4c|Ah8c/3s5cAd:100|-100:player02-143-discovery|player01-143-discovery
STATE:900:cc/r11266f:6dKs|7hQd/7s6sAh:-100|100:player01-143-discovery|player02-143-discovery
STATE:901:r5350f:9d3d|3sTc:100|-100:player02-143-discovery|player01-143-discovery
STATE:902:cr7859f:5dTs|KcJh:-100|100:player01-143-discovery|player02-143-discovery
STATE:903:cc/cr12820f:Kh9h|5sJc/2dQs2h:100|-100:player02-143-discovery|player01-143-discovery
STATE:904:cr8722f:4d3c|9h7c:-100|100:player01-143-discovery|player02-143-discovery
STATE:905:cc/cr10797f:8dQd|Th8s/Ah8c2h:100|-100:player02-143-discovery|player01-143-discovery
STATE:906:cc/r13692f:2c3d|4dKc/9dAsTh:-100|100:player01-143-discovery|player02-143-discovery
STATE:907:r10167f:8h3c|4hQs:100|-100:player02-143-discovery|player01-143-discovery
STATE:908:cr4920f:Js2s|3h6s:-100|100:player01-143-discovery|player02-143-discovery
STATE:909:cc/cr1198f:Ks9h|4dAc/6h2h7s:100|-100:player02-143-discovery|player01-143-discovery
STATE:910:cr10457f:6h2s|5dTc:-100|100:player01-143-discovery|player02-143-discovery
STATE:911:cc/cc/cc/cc:Tc9c|Js4c/Ah4s2h/2s/4d:-100|100:player02-143-discovery|player01-143-discovery
STATE:912:r300r11804f:2d3d|5hAs:-300|300:player01-143-discovery|player02-143-discovery
STATE:913:cc/cc/cc/cr16813f:9c6c|5d7c/7h6s3s/As/4c:100|-100:player02-143-discovery|player01-143-discovery
STATE:914:r300c/r9666f:8hAh|3hAs/6s6d7s:-300|300:player01-143-discovery|player02-143-discovery
STATE:915:r831f:Th2d|2c4h:100|-100:player02-143-discovery|player01-143-discovery
STATE:916:cr8203f:6dKc|3sAh:-100|100:player01-143-discovery|player02-143-discovery
STATE:917:cc/cr8067f:9h3c|4cAd/Qd2h5h:100|-100:player02-143-discovery|player01-143-discovery
STATE:918:r300r10899f:6d9h|JdAc:-300|300:player01-143-discovery|player02-143-discovery
STATE:919:cc/cr4838f:Qh5c|3hAc/5s7h5d:100|-100:player02-143-discovery|player01-143-discovery
STATE:920:cr6800f:3d4c|Qh3c:-100|100:player01-143-discovery|player02-143-discovery
STATE:921:r6293f:6sQh|5h9d:100|-100:player02-143-discovery|player01-143-discovery
STATE:922:cr3828f:2sTs|JdKh:-100|100:player01-143-discovery|player02-143-discovery
STATE:923:cc/cc/cc/cr11974f:Qh7s|KdJc/Jh6hTh/3s/Ad:100|-100:player02-143-discovery|player01-143-discovery
STATE:924:r300f:KdKs|7c5c:100|-100:player01-143-discovery|player02-143-discovery
STATE:925:cc/cc/cr4598f:9dKs|8cQd/8hKhTs/9c:100|-100:player02-143-discovery|player01-143-discovery
STATE:926:cc/r14598f:2s5h|Jh7s/2dJs9h:-100|100:player01-143-discovery|player02-143-discovery
STATE:927:cc/cr16877f:Tc5d|9cAh/2cKc5s:100|-100:player02-143-discovery|player01-143-discovery
STATE:928:cc/cc/cc/cc:Ah5c|7hTc/7sQsTs/8s/4h:-100|100:player01-143-discovery|player02-143-discovery
STATE:929:r1385f:2d2s|3cTc:100|-100:player02-143-discovery|player01-143-discovery
STATE:930:cr19779f:2d2s|3s7s:-100|100:player01-143-discovery|player02-143-discovery
STATE:931:r1109f:3c2d|2sKs:100|-100:player02-143-discovery|player01-143-discovery
STATE:932:cr19080f:6s5c|9dJh:-100|100:player01-143-discovery|player02-143-discovery
STATE:933:r3784f:2hQh|JcJd:100|-100:player02-143-discovery|player01-143-discovery
STATE:934:r300r989f:7d9s|KhTc:-300|300:player01-143-discovery|player02-143-discovery
STATE:935:cc/cr15380f:9h7s|Jh4d/As4h7d:100|-100:player02-143-discovery|player01-143-discovery
STATE:936:cc/r1435f:4h4s|3h2h/8hAs8d:-100|100:player01-143-discovery|player02-143-discovery
STATE:937:cc/cc/cc/cc:8sQs|3s2s/4cKd9h/Jd/6d:100|-100:player02-143-discovery|player01-143-discovery
STATE:938:cc/r9133f:8h6d|2c8c/3cJc4h:-100|100:player01-143-discovery|player02-143-discovery
STATE:939:cc/cc/cr2612f:5sTs|7c4h/KdKs3h/As:100|-100:player02-143-discovery|player01-143-discovery
STATE:940:r300r10985f:5cQd|3c4h:-300|300:player01-143-discovery|player02-143-discovery
STATE:941:cc/cc/cc/cc:6c7s|Qs5d/8s2d6h/4h/Qd:-100|100:player02-143-discovery|player01-143-discovery
STATE:942:cr13225f:2s5h|6dTc:-100|100:player01-143-discovery|player02-143-discovery
STATE:943:cc/cc/cr14545f:AhQs|8sQh/4sAd2h/7d:100|-100:player02-143-discovery|player01-143-discovery
STATE:944:r300r14323f:3cKs|7hAd:-300|300:player01-143-discovery|player02-143-discovery
STATE:945:r7856f:4dJh|KdQs:100|-100:player02-143-discovery|player01-143-discovery
STATE:946:r300f:4sQs|6c5h:100|-100:player01-143-discovery|player02-143-discovery
STATE:947:cc/cr12789f:4d4c|Tc7d/9hAs6s:100|-100:player02-143-discovery|player01-143-discovery
STATE:948:cc/cc/r2076f:8dAc|7cTs/JhJd2d/Js:-100|100:player01-143-discovery|player02-143-discovery
STATE:949:cc/cc/cr8791f:8c5s|Qh4h/Ad5d5c/Ac:100|-100:player02-143-discovery|player01-143-discovery
STATE:950:r300c/r9130f:Qs6s|Js7d/Td9d4c:-300|300:player01-143-discovery|player02-143-discovery
STATE:951:r2733f:As7h|Kd9h:100|-100:player02-143-discovery|player01-143-discovery
STATE:952:cr3571f:6c4h|9d9s:-100|100:player01-143-discovery|player02-143-discovery
STATE:953:r17552f:9s7s|Ad5s:100|-100:player02-143-discovery|player01-143-discovery
STATE:954:cc/r4799f:TsKc|8d4s/4d6c8h:-100|100:player01-143-discovery|player02-143-discovery
STATE:955:r19864f:3s9c|7d5s:100|-100:player02-143-discovery|player01-143-discovery
STATE:956:cr7192f:3dAc|9h9d:-100|100:player01-143-discovery|player02-143-discovery
STATE:957:r14169f:Jh2s|5d6c:100|-100:player02-143-discovery|player01-143-discovery
STATE:958:cr980f:6d7h|TdTc:-100|100:player01-143-discovery|player02-143-discovery
STATE:959:r2050f:Ks2h|Kc5c:100|-100:player02-143-discovery|player01-143-discovery
STATE:960:cr13942f:7s3c|Th7c:-100|100:player01-143-discovery|player02-143-discovery
STATE:961:r19705f:2s6d|7cAs:100|-100:player02-143-discovery|player01-143-discovery
STATE:962:cc/r9306f:QcKc|2hKd/9c2s9s:-100|100:player01-143-discovery|player02-143-discovery
STATE:963:r16608f:6h9s|Ad3h:100|-100:player02-143-discovery|player01-143-discovery
STATE:964:cc/cc/r16881f:Jh3s|2sKh/6s4dAh/Tc:-100|100:player01-143-discovery|player02-143-discovery
STATE:965:cr300r18737f:6s8d|AsAh:300|-300:player02-143-discovery|player01-143-discovery
STATE:966:cr19548f:9s2d|9dAh:-100|100:player01-143-discovery|player02-143-discovery
STATE:967:f:8s4d|2c3c:-50|50:player02-143-discovery|player01-143-discovery
STATE:968:cc/r2571f:Qc6s|2s3h/Ac4s6h:-100|100:player01-143-discovery|player02-143-discovery
STATE:969:cc/cc/cc/cc:2cQc|5hAd/8cAsKs/7s/8h:-100|100:player02-143-discovery|player01-143-discovery
STATE:970:cr5129f:3d7h|3cAd:-100|100:player01-143-discovery|player02-143-discovery
STATE:971:cc/cr2527f:QsQd|Jc8c/7d3d5s:100|-100:player02-143-discovery|player01-143-discovery
STATE:972:cr5226f:6d8s|TdJh:-100|100:player01-143-discovery|player02-143-discovery
STATE:973:cc/cr5531f:3c8d|4s8h/7h9cJd:100|-100:player02-143-discovery|player01-143-discovery
STATE:974:cr13578f:7c3s|4s8h:-100|100:player01-143-discovery|player02-143-discovery
STATE:975:r3759f:8sJd|9c2c:100|-100:player02-143-discovery|player01-143-discovery
STATE:976:r300r13906f:9h8d|2dAh:-300|300:player01-143-discovery|player02-143-discovery
STATE:977:r14086f:5s7c|6hQs:100|-100:player02-143-discovery|player01-143-discovery
STATE:978:cc/r5503f:7d5s|Th3s/4hJd7s:-100|100:player01-143-discovery|player02-143-discovery
STATE:979:cc/cc/cr19240f:3dJd|2cAd/4h4c7s/Ah:100|-100:player02-143-discovery|player01-143-discovery
STATE:980:r300r18489f:5dJd|2cKc:-300|300:player01-143-discovery|player02-143-discovery
STATE:981:cr300r17267f:4cAd|AsTs:300|-300:player02-143-discovery|player01-143-discovery
STATE:982:r300c/r19120f:7h9d|6dKs/Kc6h3h:-300|300:player01-143-discovery|player02-143-discovery
STATE:983:r14901f:Ad3d|7h5c:100|-100:player02-143-discovery|player01-143-discovery
STATE:984:r300c/r6289f:Td8d|5c4h/6cKc5d:-300|300:player01-143-discovery|player02-143-discovery
STATE:985:r1285f:3d9d|Jh6h:100|-100:player02-143-discovery|player01-143-discovery
STATE:986:r300r3913f:4d5s|2h4s:-300|300:player01-143-discovery|player02-143-discovery
STATE:987:r19108f:4s9d|KdKs:100|-100:player02-143-discovery|player01-143-discovery
STATE:988:cc/cc/r7148f:Ad6c|AsAc/7hQc5d/7d:-100|100:player01-143-discovery|player02-143-discovery
STATE:989:r16668f:Ts8s|5cAs:100|-100:player02-143-discovery|player01-143-discovery
STATE:990:r300r11115f:Qs7c|Ts9c:-300|300:player01-143-discovery|player02-143-discovery
STATE:991:cc/cr5198f:3d9c|7s9h/6d7h6c:100|-100:player02-143-discovery|player01-143-discovery
STATE:992:r300r13645f:Ts9s|7s4h:-300|300:player01-143-discovery|player02-143-discovery
STATE:993:cc/cc/cr7175f:TsQh|7cQd/4sJcAd/6d:100|-100:player02-143-discovery|player01-143-discovery
STATE:994:r300c/cc/cc/r15895f:ThQh|5hAs/7c9c2h/6c/Jh:-300|300:player01-143-discovery|player02-143-discovery
STATE:995:cc/cc/cr3339f:3dJh|QcJd/8c4d4s/Qs:100|-100:player02-143-discovery|player01-143-discovery
STATE:996:r300c/cc/r13853f:6sTh|Jd3s/2h9h7d/7c:-300|300:player01-143-discovery|player02-143-discovery
STATE:997:r3263f:3d2d|6h5s:100|-100:player02-143-discovery|player01-143-discovery
STATE:998:cc/cc/r16712f:Jh6s|Kd2c/Tc7hJd/9d:-100|100:player01-143-discovery|player02-143-discovery
STATE:999:cc/cr6142f:3c6s|AcJc/3d9d4d:100|-100:player02-143-discovery|player01-143-discovery
SCORE:-128850|128850:player01-143-discovery|player02-143-discovery